Using pre-set license
Built from '2020.3/staging' branch; Version is '2020.3.23f1 (c5d91304a876) revision 12966163'; Using compiler version '192528614'; Build Type 'Release'
OS: 'Windows 10 Home; OS build 19043.1415; Version 2009; 64bit' Language: 'pt' Physical Memory: 16276 MB
BatchMode: 1, IsHumanControllingUs: 0, StartBugReporterOnCrash: 0, Is64bit: 1, IsPro: 0

COMMAND LINE ARGUMENTS:
C:\Program Files\Unity\Hub\Editor\2020.3.23f1\Editor\Unity.exe
-adb2
-batchMode
-noUpm
-name
AssetImportWorker0
-projectPath
E:/Univ/Cadeiras/4 ano/1 Semestre/IHC/NIME/Prototipagem/Nime_V8
-logFile
Logs/AssetImportWorker0.log
-srvPort
62727
Successfully changed project path to: E:/Univ/Cadeiras/4 ano/1 Semestre/IHC/NIME/Prototipagem/Nime_V8
E:/Univ/Cadeiras/4 ano/1 Semestre/IHC/NIME/Prototipagem/Nime_V8
Using Asset Import Pipeline V2.
Refreshing native plugins compatible for Editor in 83.18 ms, found 6 plugins.
Preloading 0 native plugins for Editor in 0.00 ms.
Initialize engine version: 2020.3.23f1 (c5d91304a876)
[Subsystems] Discovering subsystems at path C:/Program Files/Unity/Hub/Editor/2020.3.23f1/Editor/Data/Resources/UnitySubsystems
[Subsystems] Discovering subsystems at path E:/Univ/Cadeiras/4 ano/1 Semestre/IHC/NIME/Prototipagem/Nime_V8/Assets
GfxDevice: creating device client; threaded=0
Direct3D:
    Version:  Direct3D 11.0 [level 11.1]
    Renderer: NVIDIA GeForce GTX 1060 with Max-Q Design (ID=0x1c20)
    Vendor:   
    VRAM:     6052 MB
    Driver:   30.0.14.9709
Initialize mono
Mono path[0] = 'C:/Program Files/Unity/Hub/Editor/2020.3.23f1/Editor/Data/Managed'
Mono path[1] = 'C:/Program Files/Unity/Hub/Editor/2020.3.23f1/Editor/Data/MonoBleedingEdge/lib/mono/unityjit'
Mono config path = 'C:/Program Files/Unity/Hub/Editor/2020.3.23f1/Editor/Data/MonoBleedingEdge/etc'
Using monoOptions --debugger-agent=transport=dt_socket,embedding=1,server=y,suspend=n,address=127.0.0.1:56144
Begin MonoManager ReloadAssembly
Registering precompiled unity dll's ...
Register platform support module: C:/Program Files/Unity/Hub/Editor/2020.3.23f1/Editor/Data/PlaybackEngines/WindowsStandaloneSupport/UnityEditor.WindowsStandalone.Extensions.dll
Registered in 0.002752 seconds.
Native extension for WindowsStandalone target not found
Refreshing native plugins compatible for Editor in 82.85 ms, found 6 plugins.
Preloading 0 native plugins for Editor in 0.00 ms.
Mono: successfully reloaded assembly
- Completed reload, in  0.796 seconds
Domain Reload Profiling:
	ReloadAssembly (796ms)
		BeginReloadAssembly (78ms)
			ExecutionOrderSort (0ms)
			DisableScriptedObjects (0ms)
			BackupInstance (0ms)
			ReleaseScriptingObjects (0ms)
			CreateAndSetChildDomain (1ms)
		EndReloadAssembly (628ms)
			LoadAssemblies (74ms)
			RebuildTransferFunctionScriptingTraits (0ms)
			SetupTypeCache (211ms)
			ReleaseScriptCaches (0ms)
			RebuildScriptCaches (38ms)
			SetupLoadedEditorAssemblies (242ms)
				LogAssemblyErrors (0ms)
				InitializePlatformSupportModulesInManaged (5ms)
				SetLoadedEditorAssemblies (0ms)
				RefreshPlugins (83ms)
				BeforeProcessingInitializeOnLoad (15ms)
				ProcessInitializeOnLoadAttributes (105ms)
				ProcessInitializeOnLoadMethodAttributes (33ms)
				AfterProcessingInitializeOnLoad (0ms)
				EditorAssembliesLoaded (0ms)
			ExecutionOrderSort2 (0ms)
			AwakeInstancesAfterBackupRestoration (0ms)
Platform modules already initialized, skipping
Registering precompiled user dll's ...
Registered in 0.006304 seconds.
Begin MonoManager ReloadAssembly
Native extension for WindowsStandalone target not found
Refreshing native plugins compatible for Editor in 76.19 ms, found 6 plugins.
Preloading 0 native plugins for Editor in 0.00 ms.
Mono: successfully reloaded assembly
- Completed reload, in  1.668 seconds
Domain Reload Profiling:
	ReloadAssembly (1669ms)
		BeginReloadAssembly (190ms)
			ExecutionOrderSort (0ms)
			DisableScriptedObjects (7ms)
			BackupInstance (0ms)
			ReleaseScriptingObjects (0ms)
			CreateAndSetChildDomain (21ms)
		EndReloadAssembly (1401ms)
			LoadAssemblies (117ms)
			RebuildTransferFunctionScriptingTraits (0ms)
			SetupTypeCache (494ms)
			ReleaseScriptCaches (1ms)
			RebuildScriptCaches (76ms)
			SetupLoadedEditorAssemblies (563ms)
				LogAssemblyErrors (0ms)
				InitializePlatformSupportModulesInManaged (4ms)
				SetLoadedEditorAssemblies (0ms)
				RefreshPlugins (76ms)
				BeforeProcessingInitializeOnLoad (117ms)
				ProcessInitializeOnLoadAttributes (331ms)
				ProcessInitializeOnLoadMethodAttributes (26ms)
				AfterProcessingInitializeOnLoad (8ms)
				EditorAssembliesLoaded (0ms)
			ExecutionOrderSort2 (0ms)
			AwakeInstancesAfterBackupRestoration (7ms)
Platform modules already initialized, skipping
========================================================================
Worker process is ready to serve import requests
Launched and connected shader compiler UnityShaderCompiler.exe after 0.12 seconds
Refreshing native plugins compatible for Editor in 0.72 ms, found 6 plugins.
Preloading 0 native plugins for Editor in 0.00 ms.
Unloading 3360 Unused Serialized files (Serialized files now loaded: 0)
System memory in use before: 136.1 MB.
System memory in use after: 136.3 MB.

Unloading 38 unused Assets to reduce memory usage. Loaded Objects now: 3787.
Total: 5.174100 ms (FindLiveObjects: 0.693300 ms CreateObjectMapping: 0.444900 ms MarkObjects: 3.860100 ms  DeleteObjects: 0.173800 ms)

AssetImportParameters requested are different than current active one (requested -> active):
  custom:framework-win-MediaFoundation: 216162199b28c13a410421893ffa2e32 -> 
  custom:video-decoder-ogg-theora: a1e56fd34408186e4bbccfd4996cb3dc -> 
  custom:container-muxer-webm: aa71ff27fc2769a1b78a27578f13a17b -> 
  custom:container-demuxer-webm: 4f35f7cbe854078d1ac9338744f61a02 -> 
  custom:container-demuxer-ogg: 62fdf1f143b41e24485cea50d1cbac27 -> 
  custom:video-encoder-webm-vp8: eb34c28f22e8b96e1ab97ce403110664 -> 
  custom:video-codec-MediaFoundation-h265: 746d11721c4dcdbdad8f713fa42b33f4 -> 
  custom:video-decoder-webm-vp8: 9c59270c3fd7afecdb556c50c9e8de78 -> 
  custom:audio-decoder-ogg-vorbis: bf7c407c2cedff20999df2af8eb42d56 -> 
  custom:audio-encoder-webm-vorbis: bf7c407c2cedff20999df2af8eb42d56 -> 
========================================================================
Received Import Request.
  path: Assets/AddressableAssetsData/AssetGroups/Default Local Group.asset
  artifactKey: Guid(cc31140b9e74b094fbece4bd2e085207) Importer(815301076,1909f56bfc062723c751e8b465ee728b)
Start importing Assets/AddressableAssetsData/AssetGroups/Default Local Group.asset using Guid(cc31140b9e74b094fbece4bd2e085207) Importer(815301076,1909f56bfc062723c751e8b465ee728b)  -> (artifact id: '3a179b1e5f659726ae85fec985a0490f') in 0.117242 seconds 
  Import took 0.141636 seconds .

========================================================================
Received Import Request.
  Time since last request: 39.038434 seconds.
  path: Assets/AddressableAssetsData/AssetGroups/Localization-Locales.asset
  artifactKey: Guid(0fbe81909d7ff9d48a994f36efb80f5f) Importer(815301076,1909f56bfc062723c751e8b465ee728b)
Start importing Assets/AddressableAssetsData/AssetGroups/Localization-Locales.asset using Guid(0fbe81909d7ff9d48a994f36efb80f5f) Importer(815301076,1909f56bfc062723c751e8b465ee728b)  -> (artifact id: 'e5ac7c49891ce9ffff4666618acf07db') in 0.127005 seconds 
  Import took 0.165025 seconds .

========================================================================
Received Import Request.
  Time since last request: 1.078196 seconds.
  path: Assets/AddressableAssetsData/AssetGroups/Built In Data.asset
  artifactKey: Guid(1ac313aac0624d440970ecf777db82c2) Importer(815301076,1909f56bfc062723c751e8b465ee728b)
Start importing Assets/AddressableAssetsData/AssetGroups/Built In Data.asset using Guid(1ac313aac0624d440970ecf777db82c2) Importer(815301076,1909f56bfc062723c751e8b465ee728b)  -> (artifact id: '8c3f488e7c0388649aa8a051b69c3a12') in 0.112551 seconds 
  Import took 0.118845 seconds .

========================================================================
Received Import Request.
  Time since last request: 1.627057 seconds.
  path: Assets/AddressableAssetsData/AssetGroups/Localization-Assets-Shared.asset
  artifactKey: Guid(777c5c6ac412d0a4c85412910cd2db40) Importer(815301076,1909f56bfc062723c751e8b465ee728b)
Start importing Assets/AddressableAssetsData/AssetGroups/Localization-Assets-Shared.asset using Guid(777c5c6ac412d0a4c85412910cd2db40) Importer(815301076,1909f56bfc062723c751e8b465ee728b)  -> (artifact id: '4117ac00cd685f2eb082e31868c0fc0e') in 0.041446 seconds 
  Import took 0.066271 seconds .

========================================================================
Received Import Request.
  Time since last request: 0.099359 seconds.
  path: Assets/AddressableAssetsData/AssetGroups/Localization-String-Tables-English (en).asset
  artifactKey: Guid(93474b7a2d1d6074cbd3a28b4b36a314) Importer(815301076,1909f56bfc062723c751e8b465ee728b)
Start importing Assets/AddressableAssetsData/AssetGroups/Localization-String-Tables-English (en).asset using Guid(93474b7a2d1d6074cbd3a28b4b36a314) Importer(815301076,1909f56bfc062723c751e8b465ee728b)  -> (artifact id: '3d3041d2171f24a065914c1bcd1d5c8e') in 0.019833 seconds 
  Import took 0.037643 seconds .

========================================================================
Received Import Request.
  Time since last request: 0.125778 seconds.
  path: Assets/AddressableAssetsData/AssetGroups/Localization-String-Tables-Portuguese (pt).asset
  artifactKey: Guid(99aa2b4b9af8fb949a1ea410a0df35a0) Importer(815301076,1909f56bfc062723c751e8b465ee728b)
Start importing Assets/AddressableAssetsData/AssetGroups/Localization-String-Tables-Portuguese (pt).asset using Guid(99aa2b4b9af8fb949a1ea410a0df35a0) Importer(815301076,1909f56bfc062723c751e8b465ee728b)  -> (artifact id: 'd64f37690fd4607c5f708b9439074a5f') in 0.030938 seconds 
  Import took 0.053883 seconds .

========================================================================
Received Import Request.
  Time since last request: 0.103426 seconds.
  path: Assets/AddressableAssetsData/AssetGroups/Localization-Asset-Tables-English (en).asset
  artifactKey: Guid(d683ba2b674289b498ff6940d96b85c6) Importer(815301076,1909f56bfc062723c751e8b465ee728b)
Start importing Assets/AddressableAssetsData/AssetGroups/Localization-Asset-Tables-English (en).asset using Guid(d683ba2b674289b498ff6940d96b85c6) Importer(815301076,1909f56bfc062723c751e8b465ee728b)  -> (artifact id: '51e56fce6094ff45c01a7a9023c5906c') in 0.023882 seconds 
  Import took 0.042855 seconds .

========================================================================
Received Import Request.
  Time since last request: 0.122835 seconds.
  path: Assets/AddressableAssetsData/AssetGroups/Localization-Asset-Tables-Portuguese (pt).asset
  artifactKey: Guid(c91cd8fed7963f84d969db9647b538ce) Importer(815301076,1909f56bfc062723c751e8b465ee728b)
Start importing Assets/AddressableAssetsData/AssetGroups/Localization-Asset-Tables-Portuguese (pt).asset using Guid(c91cd8fed7963f84d969db9647b538ce) Importer(815301076,1909f56bfc062723c751e8b465ee728b)  -> (artifact id: 'f3db5b953ed8a05899e6eecf2951ad21') in 0.007952 seconds 
  Import took 0.021157 seconds .

========================================================================
Received Import Request.
  Time since last request: 0.121059 seconds.
  path: Assets/AddressableAssetsData/AssetGroups/Localization-Assets-English (en).asset
  artifactKey: Guid(0fde8ea850f2dd64c96d0a3f3f2db056) Importer(815301076,1909f56bfc062723c751e8b465ee728b)
Start importing Assets/AddressableAssetsData/AssetGroups/Localization-Assets-English (en).asset using Guid(0fde8ea850f2dd64c96d0a3f3f2db056) Importer(815301076,1909f56bfc062723c751e8b465ee728b)  -> (artifact id: '08eeb38e4afcfad9444514f0e40ffb36') in 0.049590 seconds 
  Import took 0.079650 seconds .

========================================================================
Received Import Request.
  Time since last request: 0.074795 seconds.
  path: Assets/AddressableAssetsData/AssetGroups/Localization-Assets-Portuguese (pt).asset
  artifactKey: Guid(3bc6654d1183eb04eb834dbcc0784994) Importer(815301076,1909f56bfc062723c751e8b465ee728b)
Start importing Assets/AddressableAssetsData/AssetGroups/Localization-Assets-Portuguese (pt).asset using Guid(3bc6654d1183eb04eb834dbcc0784994) Importer(815301076,1909f56bfc062723c751e8b465ee728b)  -> (artifact id: 'be53acea65ecafd89aea82cdfbffd54c') in 0.020641 seconds 
  Import took 0.065228 seconds .

========================================================================
Received Import Request.
  Time since last request: 0.096933 seconds.
  path: Assets/AddressableAssetsData/AssetGroups/Localization-String-Tables-Portuguese (Portugal) (pt-PT).asset
  artifactKey: Guid(438c513aa784a98498e6605cbe627dd0) Importer(815301076,1909f56bfc062723c751e8b465ee728b)
Start importing Assets/AddressableAssetsData/AssetGroups/Localization-String-Tables-Portuguese (Portugal) (pt-PT).asset using Guid(438c513aa784a98498e6605cbe627dd0) Importer(815301076,1909f56bfc062723c751e8b465ee728b)  -> (artifact id: '1160142d9343cb2a5847b2a1867e421c') in 0.020822 seconds 
  Import took 0.047387 seconds .

========================================================================
Received Prepare
Registering precompiled user dll's ...
Registered in 0.005993 seconds.
Begin MonoManager ReloadAssembly
Native extension for WindowsStandalone target not found
Refreshing native plugins compatible for Editor in 0.98 ms, found 6 plugins.
Preloading 0 native plugins for Editor in 0.00 ms.
Mono: successfully reloaded assembly
- Completed reload, in  4.403 seconds
Domain Reload Profiling:
	ReloadAssembly (4404ms)
		BeginReloadAssembly (186ms)
			ExecutionOrderSort (0ms)
			DisableScriptedObjects (7ms)
			BackupInstance (0ms)
			ReleaseScriptingObjects (0ms)
			CreateAndSetChildDomain (62ms)
		EndReloadAssembly (4104ms)
			LoadAssemblies (225ms)
			RebuildTransferFunctionScriptingTraits (0ms)
			SetupTypeCache (2958ms)
			ReleaseScriptCaches (2ms)
			RebuildScriptCaches (88ms)
			SetupLoadedEditorAssemblies (541ms)
				LogAssemblyErrors (0ms)
				InitializePlatformSupportModulesInManaged (6ms)
				SetLoadedEditorAssemblies (1ms)
				RefreshPlugins (1ms)
				BeforeProcessingInitializeOnLoad (130ms)
				ProcessInitializeOnLoadAttributes (324ms)
				ProcessInitializeOnLoadMethodAttributes (67ms)
				AfterProcessingInitializeOnLoad (12ms)
				EditorAssembliesLoaded (0ms)
			ExecutionOrderSort2 (0ms)
			AwakeInstancesAfterBackupRestoration (46ms)
Platform modules already initialized, skipping
Refreshing native plugins compatible for Editor in 19.75 ms, found 6 plugins.
Preloading 0 native plugins for Editor in 0.00 ms.
Unloading 3289 Unused Serialized files (Serialized files now loaded: 0)
System memory in use before: 130.7 MB.
System memory in use after: 131.0 MB.

Unloading 25 unused Assets to reduce memory usage. Loaded Objects now: 3789.
Total: 6.184500 ms (FindLiveObjects: 0.626900 ms CreateObjectMapping: 0.330100 ms MarkObjects: 5.174500 ms  DeleteObjects: 0.050900 ms)

AssetImportParameters requested are different than current active one (requested -> active):
  custom:framework-win-MediaFoundation: 216162199b28c13a410421893ffa2e32 -> 
  custom:video-decoder-ogg-theora: a1e56fd34408186e4bbccfd4996cb3dc -> 
  custom:container-muxer-webm: aa71ff27fc2769a1b78a27578f13a17b -> 
  custom:container-demuxer-webm: 4f35f7cbe854078d1ac9338744f61a02 -> 
  custom:container-demuxer-ogg: 62fdf1f143b41e24485cea50d1cbac27 -> 
  custom:video-encoder-webm-vp8: eb34c28f22e8b96e1ab97ce403110664 -> 
  custom:video-codec-MediaFoundation-h265: 746d11721c4dcdbdad8f713fa42b33f4 -> 
  custom:video-decoder-webm-vp8: 9c59270c3fd7afecdb556c50c9e8de78 -> 
  custom:audio-decoder-ogg-vorbis: bf7c407c2cedff20999df2af8eb42d56 -> 
  custom:audio-encoder-webm-vorbis: bf7c407c2cedff20999df2af8eb42d56 -> 
========================================================================
Received Prepare
Refreshing native plugins compatible for Editor in 6.99 ms, found 6 plugins.
Preloading 0 native plugins for Editor in 0.00 ms.
Unloading 23 Unused Serialized files (Serialized files now loaded: 0)
System memory in use before: 66.3 MB.
System memory in use after: 66.5 MB.

Unloading 23 unused Assets to reduce memory usage. Loaded Objects now: 3789.
Total: 4.087800 ms (FindLiveObjects: 0.328800 ms CreateObjectMapping: 0.165400 ms MarkObjects: 3.507900 ms  DeleteObjects: 0.084800 ms)

AssetImportParameters requested are different than current active one (requested -> active):
  custom:framework-win-MediaFoundation: 216162199b28c13a410421893ffa2e32 -> 
  custom:video-decoder-ogg-theora: a1e56fd34408186e4bbccfd4996cb3dc -> 
  custom:container-muxer-webm: aa71ff27fc2769a1b78a27578f13a17b -> 
  custom:container-demuxer-webm: 4f35f7cbe854078d1ac9338744f61a02 -> 
  custom:container-demuxer-ogg: 62fdf1f143b41e24485cea50d1cbac27 -> 
  custom:video-encoder-webm-vp8: eb34c28f22e8b96e1ab97ce403110664 -> 
  custom:video-codec-MediaFoundation-h265: 746d11721c4dcdbdad8f713fa42b33f4 -> 
  custom:video-decoder-webm-vp8: 9c59270c3fd7afecdb556c50c9e8de78 -> 
  custom:audio-decoder-ogg-vorbis: bf7c407c2cedff20999df2af8eb42d56 -> 
  custom:audio-encoder-webm-vorbis: bf7c407c2cedff20999df2af8eb42d56 -> 
========================================================================
Received Import Request.
  Time since last request: 210.807614 seconds.
  path: Assets/Localization/Locales/English (en).asset
  artifactKey: Guid(5f5d0b0082f897248b2f40f20b12b211) Importer(815301076,1909f56bfc062723c751e8b465ee728b)
Start importing Assets/Localization/Locales/English (en).asset using Guid(5f5d0b0082f897248b2f40f20b12b211) Importer(815301076,1909f56bfc062723c751e8b465ee728b)  -> (artifact id: '68eb89c751888980d96dcea664388868') in 0.158680 seconds 
  Import took 0.203899 seconds .

========================================================================
Received Import Request.
  Time since last request: 0.000277 seconds.
  path: Assets/Localization/Locales/Portuguese (pt).asset
  artifactKey: Guid(aed31225480706e42b9aaa8a89a7048f) Importer(815301076,1909f56bfc062723c751e8b465ee728b)
Start importing Assets/Localization/Locales/Portuguese (pt).asset using Guid(aed31225480706e42b9aaa8a89a7048f) Importer(815301076,1909f56bfc062723c751e8b465ee728b)  -> (artifact id: '66581a5ce24568f45cdc7759623845eb') in 0.007882 seconds 
  Import took 0.015209 seconds .

========================================================================
Received Import Request.
  Time since last request: 0.000368 seconds.
  path: Assets/Localization/Locales/Portuguese (Portugal) (pt-PT).asset
  artifactKey: Guid(241fba7e0112b444b9ca3983a01b8eeb) Importer(815301076,1909f56bfc062723c751e8b465ee728b)
Start importing Assets/Localization/Locales/Portuguese (Portugal) (pt-PT).asset using Guid(241fba7e0112b444b9ca3983a01b8eeb) Importer(815301076,1909f56bfc062723c751e8b465ee728b)  -> (artifact id: '88899a0dee8ab0f3157a8a17e091b3ca') in 0.034687 seconds 
  Import took 0.053183 seconds .

========================================================================
Received Prepare
Registering precompiled user dll's ...
Registered in 0.006370 seconds.
Begin MonoManager ReloadAssembly
Native extension for WindowsStandalone target not found
Refreshing native plugins compatible for Editor in 0.96 ms, found 6 plugins.
Preloading 0 native plugins for Editor in 0.00 ms.
Mono: successfully reloaded assembly
- Completed reload, in  1.503 seconds
Domain Reload Profiling:
	ReloadAssembly (1504ms)
		BeginReloadAssembly (167ms)
			ExecutionOrderSort (0ms)
			DisableScriptedObjects (7ms)
			BackupInstance (0ms)
			ReleaseScriptingObjects (0ms)
			CreateAndSetChildDomain (62ms)
		EndReloadAssembly (1247ms)
			LoadAssemblies (132ms)
			RebuildTransferFunctionScriptingTraits (0ms)
			SetupTypeCache (462ms)
			ReleaseScriptCaches (1ms)
			RebuildScriptCaches (62ms)
			SetupLoadedEditorAssemblies (410ms)
				LogAssemblyErrors (0ms)
				InitializePlatformSupportModulesInManaged (5ms)
				SetLoadedEditorAssemblies (0ms)
				RefreshPlugins (1ms)
				BeforeProcessingInitializeOnLoad (127ms)
				ProcessInitializeOnLoadAttributes (240ms)
				ProcessInitializeOnLoadMethodAttributes (25ms)
				AfterProcessingInitializeOnLoad (11ms)
				EditorAssembliesLoaded (0ms)
			ExecutionOrderSort2 (0ms)
			AwakeInstancesAfterBackupRestoration (42ms)
Platform modules already initialized, skipping
Refreshing native plugins compatible for Editor in 0.75 ms, found 6 plugins.
Preloading 0 native plugins for Editor in 0.00 ms.
Unloading 3289 Unused Serialized files (Serialized files now loaded: 0)
System memory in use before: 130.8 MB.
System memory in use after: 131.0 MB.

Unloading 25 unused Assets to reduce memory usage. Loaded Objects now: 3791.
Total: 4.758100 ms (FindLiveObjects: 0.489900 ms CreateObjectMapping: 0.317100 ms MarkObjects: 3.886400 ms  DeleteObjects: 0.063300 ms)

AssetImportParameters requested are different than current active one (requested -> active):
  custom:framework-win-MediaFoundation: 216162199b28c13a410421893ffa2e32 -> 
  custom:video-decoder-ogg-theora: a1e56fd34408186e4bbccfd4996cb3dc -> 
  custom:container-muxer-webm: aa71ff27fc2769a1b78a27578f13a17b -> 
  custom:container-demuxer-webm: 4f35f7cbe854078d1ac9338744f61a02 -> 
  custom:container-demuxer-ogg: 62fdf1f143b41e24485cea50d1cbac27 -> 
  custom:video-encoder-webm-vp8: eb34c28f22e8b96e1ab97ce403110664 -> 
  custom:video-codec-MediaFoundation-h265: 746d11721c4dcdbdad8f713fa42b33f4 -> 
  custom:video-decoder-webm-vp8: 9c59270c3fd7afecdb556c50c9e8de78 -> 
  custom:audio-decoder-ogg-vorbis: bf7c407c2cedff20999df2af8eb42d56 -> 
  custom:audio-encoder-webm-vorbis: bf7c407c2cedff20999df2af8eb42d56 -> 
========================================================================
Received Prepare
Registering precompiled user dll's ...
Registered in 0.005353 seconds.
Begin MonoManager ReloadAssembly
Native extension for WindowsStandalone target not found
Refreshing native plugins compatible for Editor in 0.76 ms, found 6 plugins.
Preloading 0 native plugins for Editor in 0.00 ms.
Mono: successfully reloaded assembly
- Completed reload, in  1.513 seconds
Domain Reload Profiling:
	ReloadAssembly (1513ms)
		BeginReloadAssembly (153ms)
			ExecutionOrderSort (0ms)
			DisableScriptedObjects (7ms)
			BackupInstance (0ms)
			ReleaseScriptingObjects (0ms)
			CreateAndSetChildDomain (48ms)
		EndReloadAssembly (1283ms)
			LoadAssemblies (118ms)
			RebuildTransferFunctionScriptingTraits (0ms)
			SetupTypeCache (475ms)
			ReleaseScriptCaches (1ms)
			RebuildScriptCaches (63ms)
			SetupLoadedEditorAssemblies (426ms)
				LogAssemblyErrors (0ms)
				InitializePlatformSupportModulesInManaged (6ms)
				SetLoadedEditorAssemblies (0ms)
				RefreshPlugins (1ms)
				BeforeProcessingInitializeOnLoad (143ms)
				ProcessInitializeOnLoadAttributes (243ms)
				ProcessInitializeOnLoadMethodAttributes (24ms)
				AfterProcessingInitializeOnLoad (8ms)
				EditorAssembliesLoaded (0ms)
			ExecutionOrderSort2 (0ms)
			AwakeInstancesAfterBackupRestoration (42ms)
Platform modules already initialized, skipping
Refreshing native plugins compatible for Editor in 0.80 ms, found 6 plugins.
Preloading 0 native plugins for Editor in 0.00 ms.
Unloading 3289 Unused Serialized files (Serialized files now loaded: 0)
System memory in use before: 130.8 MB.
System memory in use after: 131.0 MB.

Unloading 25 unused Assets to reduce memory usage. Loaded Objects now: 3793.
Total: 5.905800 ms (FindLiveObjects: 0.397000 ms CreateObjectMapping: 0.248400 ms MarkObjects: 5.215800 ms  DeleteObjects: 0.042800 ms)

AssetImportParameters requested are different than current active one (requested -> active):
  custom:framework-win-MediaFoundation: 216162199b28c13a410421893ffa2e32 -> 
  custom:video-decoder-ogg-theora: a1e56fd34408186e4bbccfd4996cb3dc -> 
  custom:container-muxer-webm: aa71ff27fc2769a1b78a27578f13a17b -> 
  custom:container-demuxer-webm: 4f35f7cbe854078d1ac9338744f61a02 -> 
  custom:container-demuxer-ogg: 62fdf1f143b41e24485cea50d1cbac27 -> 
  custom:video-encoder-webm-vp8: eb34c28f22e8b96e1ab97ce403110664 -> 
  custom:video-codec-MediaFoundation-h265: 746d11721c4dcdbdad8f713fa42b33f4 -> 
  custom:video-decoder-webm-vp8: 9c59270c3fd7afecdb556c50c9e8de78 -> 
  custom:audio-decoder-ogg-vorbis: bf7c407c2cedff20999df2af8eb42d56 -> 
  custom:audio-encoder-webm-vorbis: bf7c407c2cedff20999df2af8eb42d56 -> 
========================================================================
Received Prepare
Registering precompiled user dll's ...
Registered in 0.005792 seconds.
Begin MonoManager ReloadAssembly
Native extension for WindowsStandalone target not found
Refreshing native plugins compatible for Editor in 0.81 ms, found 6 plugins.
Preloading 0 native plugins for Editor in 0.00 ms.
Mono: successfully reloaded assembly
- Completed reload, in  1.553 seconds
Domain Reload Profiling:
	ReloadAssembly (1554ms)
		BeginReloadAssembly (139ms)
			ExecutionOrderSort (0ms)
			DisableScriptedObjects (8ms)
			BackupInstance (0ms)
			ReleaseScriptingObjects (0ms)
			CreateAndSetChildDomain (49ms)
		EndReloadAssembly (1339ms)
			LoadAssemblies (121ms)
			RebuildTransferFunctionScriptingTraits (0ms)
			SetupTypeCache (503ms)
			ReleaseScriptCaches (2ms)
			RebuildScriptCaches (82ms)
			SetupLoadedEditorAssemblies (409ms)
				LogAssemblyErrors (0ms)
				InitializePlatformSupportModulesInManaged (6ms)
				SetLoadedEditorAssemblies (0ms)
				RefreshPlugins (1ms)
				BeforeProcessingInitializeOnLoad (131ms)
				ProcessInitializeOnLoadAttributes (241ms)
				ProcessInitializeOnLoadMethodAttributes (20ms)
				AfterProcessingInitializeOnLoad (9ms)
				EditorAssembliesLoaded (0ms)
			ExecutionOrderSort2 (0ms)
			AwakeInstancesAfterBackupRestoration (42ms)
Platform modules already initialized, skipping
Refreshing native plugins compatible for Editor in 0.73 ms, found 6 plugins.
Preloading 0 native plugins for Editor in 0.00 ms.
Unloading 3289 Unused Serialized files (Serialized files now loaded: 0)
System memory in use before: 130.8 MB.
System memory in use after: 131.1 MB.

Unloading 25 unused Assets to reduce memory usage. Loaded Objects now: 3795.
Total: 4.488500 ms (FindLiveObjects: 0.309400 ms CreateObjectMapping: 0.215700 ms MarkObjects: 3.897300 ms  DeleteObjects: 0.064900 ms)

AssetImportParameters requested are different than current active one (requested -> active):
  custom:framework-win-MediaFoundation: 216162199b28c13a410421893ffa2e32 -> 
  custom:video-decoder-ogg-theora: a1e56fd34408186e4bbccfd4996cb3dc -> 
  custom:container-muxer-webm: aa71ff27fc2769a1b78a27578f13a17b -> 
  custom:container-demuxer-webm: 4f35f7cbe854078d1ac9338744f61a02 -> 
  custom:container-demuxer-ogg: 62fdf1f143b41e24485cea50d1cbac27 -> 
  custom:video-encoder-webm-vp8: eb34c28f22e8b96e1ab97ce403110664 -> 
  custom:video-codec-MediaFoundation-h265: 746d11721c4dcdbdad8f713fa42b33f4 -> 
  custom:video-decoder-webm-vp8: 9c59270c3fd7afecdb556c50c9e8de78 -> 
  custom:audio-decoder-ogg-vorbis: bf7c407c2cedff20999df2af8eb42d56 -> 
  custom:audio-encoder-webm-vorbis: bf7c407c2cedff20999df2af8eb42d56 -> 
========================================================================
Received Import Request.
  Time since last request: 311.578699 seconds.
  path: Assets/Images/Backgrounds/comecar.png
  artifactKey: Guid(a07dffa3f92c5b04bbf09ff51e857c56) Importer(815301076,1909f56bfc062723c751e8b465ee728b)
Start importing Assets/Images/Backgrounds/comecar.png using Guid(a07dffa3f92c5b04bbf09ff51e857c56) Importer(815301076,1909f56bfc062723c751e8b465ee728b)  -> (artifact id: 'b03d5e853cac70ab7864f040e194f913') in 0.240793 seconds 
  Import took 0.268444 seconds .

========================================================================
Received Import Request.
  Time since last request: 0.000355 seconds.
  path: Assets/Images/Backgrounds/chooseNIMEptwhite.png
  artifactKey: Guid(3765bdb3323534547b14bff3fecc8c84) Importer(815301076,1909f56bfc062723c751e8b465ee728b)
Start importing Assets/Images/Backgrounds/chooseNIMEptwhite.png using Guid(3765bdb3323534547b14bff3fecc8c84) Importer(815301076,1909f56bfc062723c751e8b465ee728b)  -> (artifact id: '8503bcab90e7f4ef711f1a950faad976') in 0.049547 seconds 
  Import took 0.066451 seconds .

========================================================================
Received Import Request.
  Time since last request: 0.000290 seconds.
  path: Assets/Images/Backgrounds/chooseNIMEenwhite.png
  artifactKey: Guid(296ffaa2d5998484fa36c5475ede5547) Importer(815301076,1909f56bfc062723c751e8b465ee728b)
Start importing Assets/Images/Backgrounds/chooseNIMEenwhite.png using Guid(296ffaa2d5998484fa36c5475ede5547) Importer(815301076,1909f56bfc062723c751e8b465ee728b)  -> (artifact id: 'b05837b7978af9e7e07cf307744f6faa') in 0.053941 seconds 
  Import took 0.061881 seconds .

========================================================================
Received Import Request.
  Time since last request: 0.000392 seconds.
  path: Assets/Images/Backgrounds/definicoes.png
  artifactKey: Guid(9c53554893face040b7efcca83656c80) Importer(815301076,1909f56bfc062723c751e8b465ee728b)
Start importing Assets/Images/Backgrounds/definicoes.png using Guid(9c53554893face040b7efcca83656c80) Importer(815301076,1909f56bfc062723c751e8b465ee728b)  -> (artifact id: 'f389cfb5d3825f615aca49dfa58d4328') in 0.029586 seconds 
  Import took 0.049426 seconds .

========================================================================
Received Import Request.
  Time since last request: 13.057158 seconds.
  path: Assets/Images/Icons/opcao6.png
  artifactKey: Guid(1698c5f6a0941bc4d931ee57cad1267b) Importer(815301076,1909f56bfc062723c751e8b465ee728b)
Start importing Assets/Images/Icons/opcao6.png using Guid(1698c5f6a0941bc4d931ee57cad1267b) Importer(815301076,1909f56bfc062723c751e8b465ee728b)  -> (artifact id: '9580240b0d89851cedc946753fc201b9') in 0.150018 seconds 
  Import took 0.156811 seconds .

========================================================================
Received Import Request.
  Time since last request: 0.000264 seconds.
  path: Assets/TextMesh Pro/Examples & Extras/Resources/Fonts & Materials/Roboto-Bold SDF.asset
  artifactKey: Guid(5302535af1044152a457ed104f1f4b91) Importer(815301076,1909f56bfc062723c751e8b465ee728b)
Start importing Assets/TextMesh Pro/Examples & Extras/Resources/Fonts & Materials/Roboto-Bold SDF.asset using Guid(5302535af1044152a457ed104f1f4b91) Importer(815301076,1909f56bfc062723c751e8b465ee728b)  -> (artifact id: 'e5b0a570d00fbc905e9de66c4dd1fd3e') in 0.107152 seconds 
  Import took 0.114928 seconds .

========================================================================
Received Import Request.
  Time since last request: 54.874911 seconds.
  path: Assets/Scenes/NIME1.unity
  artifactKey: Guid(df9d423a930741a48a1e0b1d57be9bc1) Importer(815301076,1909f56bfc062723c751e8b465ee728b)
Start importing Assets/Scenes/NIME1.unity using Guid(df9d423a930741a48a1e0b1d57be9bc1) Importer(815301076,1909f56bfc062723c751e8b465ee728b)  -> (artifact id: '5ef0bfc1f6b96a72d42a5fbf91c6964b') in 0.317417 seconds 
  Import took 0.367579 seconds .

========================================================================
Received Import Request.
  Time since last request: 2.749135 seconds.
  path: Assets/Scenes/NIME2.unity
  artifactKey: Guid(3c26c4deab8d05f479ac9527da1e9e28) Importer(815301076,1909f56bfc062723c751e8b465ee728b)
Start importing Assets/Scenes/NIME2.unity using Guid(3c26c4deab8d05f479ac9527da1e9e28) Importer(815301076,1909f56bfc062723c751e8b465ee728b)  -> (artifact id: 'ac16e6f22b4ec4af25922da89a0c235e') in 0.007734 seconds 
  Import took 0.039113 seconds .

========================================================================
Received Import Request.
  Time since last request: 0.506019 seconds.
  path: Assets/Scenes/NIME3.unity
  artifactKey: Guid(81fddc97e3a8767449733e9e07b8ec2a) Importer(815301076,1909f56bfc062723c751e8b465ee728b)
Start importing Assets/Scenes/NIME3.unity using Guid(81fddc97e3a8767449733e9e07b8ec2a) Importer(815301076,1909f56bfc062723c751e8b465ee728b)  -> (artifact id: 'b39d1bb92542e2b5249136f9cb3c9ab8') in 0.008156 seconds 
  Import took 0.054699 seconds .

========================================================================
Received Import Request.
  Time since last request: 0.983777 seconds.
  path: Assets/Scenes/NIME4.unity
  artifactKey: Guid(3c8dc8dc8ffa990498564576656256b1) Importer(815301076,1909f56bfc062723c751e8b465ee728b)
Start importing Assets/Scenes/NIME4.unity using Guid(3c8dc8dc8ffa990498564576656256b1) Importer(815301076,1909f56bfc062723c751e8b465ee728b)  -> (artifact id: 'a524434a42ceb08391bb55cae004ea59') in 0.008018 seconds 
  Import took 0.039877 seconds .

========================================================================
Received Import Request.
  Time since last request: 0.440229 seconds.
  path: Assets/Scenes/NIME5.unity
  artifactKey: Guid(4d31271f7c2d45348b1e59ea08c79cce) Importer(815301076,1909f56bfc062723c751e8b465ee728b)
Start importing Assets/Scenes/NIME5.unity using Guid(4d31271f7c2d45348b1e59ea08c79cce) Importer(815301076,1909f56bfc062723c751e8b465ee728b)  -> (artifact id: '7acec25c5f81cad43e995ed240ab0700') in 0.033294 seconds 
  Import took 0.050465 seconds .

========================================================================
Received Import Request.
  Time since last request: 0.909434 seconds.
  path: Assets/Scenes/ScrollView.unity
  artifactKey: Guid(ee1cfa578551985478f347ad462c88ec) Importer(815301076,1909f56bfc062723c751e8b465ee728b)
Start importing Assets/Scenes/ScrollView.unity using Guid(ee1cfa578551985478f347ad462c88ec) Importer(815301076,1909f56bfc062723c751e8b465ee728b)  -> (artifact id: 'd3285e2e96b0b6cdd0958a3edcf8046d') in 0.008362 seconds 
  Import took 0.015019 seconds .

========================================================================
Received Prepare
Registering precompiled user dll's ...
Registered in 0.005121 seconds.
Begin MonoManager ReloadAssembly
Native extension for WindowsStandalone target not found
Refreshing native plugins compatible for Editor in 0.87 ms, found 6 plugins.
Preloading 0 native plugins for Editor in 0.00 ms.
Mono: successfully reloaded assembly
- Completed reload, in  1.388 seconds
Domain Reload Profiling:
	ReloadAssembly (1388ms)
		BeginReloadAssembly (141ms)
			ExecutionOrderSort (0ms)
			DisableScriptedObjects (7ms)
			BackupInstance (0ms)
			ReleaseScriptingObjects (0ms)
			CreateAndSetChildDomain (47ms)
		EndReloadAssembly (1172ms)
			LoadAssemblies (110ms)
			RebuildTransferFunctionScriptingTraits (0ms)
			SetupTypeCache (427ms)
			ReleaseScriptCaches (2ms)
			RebuildScriptCaches (61ms)
			SetupLoadedEditorAssemblies (383ms)
				LogAssemblyErrors (0ms)
				InitializePlatformSupportModulesInManaged (5ms)
				SetLoadedEditorAssemblies (1ms)
				RefreshPlugins (1ms)
				BeforeProcessingInitializeOnLoad (122ms)
				ProcessInitializeOnLoadAttributes (225ms)
				ProcessInitializeOnLoadMethodAttributes (20ms)
				AfterProcessingInitializeOnLoad (8ms)
				EditorAssembliesLoaded (0ms)
			ExecutionOrderSort2 (0ms)
			AwakeInstancesAfterBackupRestoration (43ms)
Platform modules already initialized, skipping
Refreshing native plugins compatible for Editor in 0.71 ms, found 6 plugins.
Preloading 0 native plugins for Editor in 0.00 ms.
Unloading 3289 Unused Serialized files (Serialized files now loaded: 0)
System memory in use before: 134.1 MB.
System memory in use after: 134.3 MB.

Unloading 25 unused Assets to reduce memory usage. Loaded Objects now: 3845.
Total: 4.569500 ms (FindLiveObjects: 0.352600 ms CreateObjectMapping: 0.205300 ms MarkObjects: 3.952900 ms  DeleteObjects: 0.057400 ms)

AssetImportParameters requested are different than current active one (requested -> active):
  custom:framework-win-MediaFoundation: 216162199b28c13a410421893ffa2e32 -> 
  custom:video-decoder-ogg-theora: a1e56fd34408186e4bbccfd4996cb3dc -> 
  custom:container-muxer-webm: aa71ff27fc2769a1b78a27578f13a17b -> 
  custom:container-demuxer-webm: 4f35f7cbe854078d1ac9338744f61a02 -> 
  custom:container-demuxer-ogg: 62fdf1f143b41e24485cea50d1cbac27 -> 
  custom:video-encoder-webm-vp8: eb34c28f22e8b96e1ab97ce403110664 -> 
  custom:video-codec-MediaFoundation-h265: 746d11721c4dcdbdad8f713fa42b33f4 -> 
  custom:video-decoder-webm-vp8: 9c59270c3fd7afecdb556c50c9e8de78 -> 
  custom:audio-decoder-ogg-vorbis: bf7c407c2cedff20999df2af8eb42d56 -> 
  custom:audio-encoder-webm-vorbis: bf7c407c2cedff20999df2af8eb42d56 -> 
========================================================================
Received Import Request.
  Time since last request: 46.853161 seconds.
  path: Assets/Images/Backgrounds/background.png
  artifactKey: Guid(20f7b25b916504f4aa8c81f3b9e93139) Importer(815301076,1909f56bfc062723c751e8b465ee728b)
Start importing Assets/Images/Backgrounds/background.png using Guid(20f7b25b916504f4aa8c81f3b9e93139) Importer(815301076,1909f56bfc062723c751e8b465ee728b)  -> (artifact id: '08f754846fa6fd15467bab60ba54bb2a') in 0.143119 seconds 
  Import took 0.176511 seconds .

========================================================================
Received Import Request.
  Time since last request: 0.000296 seconds.
  path: Assets/Images/Icons/BeatButton.png
  artifactKey: Guid(5b0e6ea668ccb65478e2cebb14b68841) Importer(815301076,1909f56bfc062723c751e8b465ee728b)
Start importing Assets/Images/Icons/BeatButton.png using Guid(5b0e6ea668ccb65478e2cebb14b68841) Importer(815301076,1909f56bfc062723c751e8b465ee728b)  -> (artifact id: '83cd9de2a057021e96b72644ab7feea4') in 0.044867 seconds 
  Import took 0.051711 seconds .

========================================================================
Received Import Request.
  Time since last request: 0.000321 seconds.
  path: Assets/Images/Icons/backNime.png
  artifactKey: Guid(cf6b4dd9c0b55e74cbc276617299f2e8) Importer(815301076,1909f56bfc062723c751e8b465ee728b)
Start importing Assets/Images/Icons/backNime.png using Guid(cf6b4dd9c0b55e74cbc276617299f2e8) Importer(815301076,1909f56bfc062723c751e8b465ee728b)  -> (artifact id: 'ef50f3ec22cf9d6895a2822c495a33f8') in 0.040070 seconds 
  Import took 0.081989 seconds .

========================================================================
Received Import Request.
  Time since last request: 0.000298 seconds.
  path: Assets/Images/Icons/BeatButtonPressed.png
  artifactKey: Guid(20d5c1c7f3986fc498f639b9264852ed) Importer(815301076,1909f56bfc062723c751e8b465ee728b)
Start importing Assets/Images/Icons/BeatButtonPressed.png using Guid(20d5c1c7f3986fc498f639b9264852ed) Importer(815301076,1909f56bfc062723c751e8b465ee728b)  -> (artifact id: '6eb5588c39ad847ffce63c9d9183cc94') in 0.046359 seconds 
  Import took 0.053337 seconds .

========================================================================
Received Import Request.
  Time since last request: 28.019562 seconds.
  path: Assets/Images/Icons/exit-svgrepo-com.png
  artifactKey: Guid(ebc808e09511d504bba34ced8766dfa7) Importer(815301076,1909f56bfc062723c751e8b465ee728b)
Start importing Assets/Images/Icons/exit-svgrepo-com.png using Guid(ebc808e09511d504bba34ced8766dfa7) Importer(815301076,1909f56bfc062723c751e8b465ee728b)  -> (artifact id: '04a89e504d2991079384e8fb58c396c1') in 0.089152 seconds 
  Import took 0.111922 seconds .

========================================================================
Received Import Request.
  Time since last request: 0.000208 seconds.
  path: Assets/Images/Nimes/Help Overlay/Sprites/Nime2/Pt/Nime-1v2_pt_0000_Camada 9.jpg
  artifactKey: Guid(b8db53c925541ae40a35e7dd4778cceb) Importer(815301076,1909f56bfc062723c751e8b465ee728b)
Start importing Assets/Images/Nimes/Help Overlay/Sprites/Nime2/Pt/Nime-1v2_pt_0000_Camada 9.jpg using Guid(b8db53c925541ae40a35e7dd4778cceb) Importer(815301076,1909f56bfc062723c751e8b465ee728b)  -> (artifact id: '4d6f94e60f81f474adc5bbfe3224637b') in 0.046360 seconds 
  Import took 0.070217 seconds .

========================================================================
Received Import Request.
  Time since last request: 0.000199 seconds.
  path: Assets/Images/Nimes/Help Overlay/Sprites/Nime2/Pt/Nime-1v2_pt_0001_Camada 8.jpg
  artifactKey: Guid(4aab91c5e3cae4b4c912abfb3e30b63c) Importer(815301076,1909f56bfc062723c751e8b465ee728b)
Start importing Assets/Images/Nimes/Help Overlay/Sprites/Nime2/Pt/Nime-1v2_pt_0001_Camada 8.jpg using Guid(4aab91c5e3cae4b4c912abfb3e30b63c) Importer(815301076,1909f56bfc062723c751e8b465ee728b)  -> (artifact id: '47a60307418579f1bd76310d6dfa07d6') in 0.053228 seconds 
  Import took 0.095714 seconds .

========================================================================
Received Import Request.
  Time since last request: 0.035228 seconds.
  path: Assets/Images/Nimes/Help Overlay/Sprites/Nime Portugal/En/nime-Portugal_en_0000_Camada 9.jpg
  artifactKey: Guid(1a2b31e8ab1d917418f653e51d076706) Importer(815301076,1909f56bfc062723c751e8b465ee728b)
Start importing Assets/Images/Nimes/Help Overlay/Sprites/Nime Portugal/En/nime-Portugal_en_0000_Camada 9.jpg using Guid(1a2b31e8ab1d917418f653e51d076706) Importer(815301076,1909f56bfc062723c751e8b465ee728b)  -> (artifact id: '484160489b79e3c01e3866c8ff036ab5') in 0.062569 seconds 
  Import took 0.069817 seconds .

========================================================================
Received Import Request.
  Time since last request: 0.000355 seconds.
  path: Assets/Images/Nimes/Help Overlay/Sprites/Nime Portugal/En/nime-Portugal_en_0003_Camada 6.jpg
  artifactKey: Guid(156a1e4208248904cbd849bcf0b546e1) Importer(815301076,1909f56bfc062723c751e8b465ee728b)
Start importing Assets/Images/Nimes/Help Overlay/Sprites/Nime Portugal/En/nime-Portugal_en_0003_Camada 6.jpg using Guid(156a1e4208248904cbd849bcf0b546e1) Importer(815301076,1909f56bfc062723c751e8b465ee728b)  -> (artifact id: '2a7f8f6d716cd3c9aaca57652fed15c3') in 0.051344 seconds 
  Import took 0.066702 seconds .

========================================================================
Received Import Request.
  Time since last request: 0.000401 seconds.
  path: Assets/Images/Nimes/Help Overlay/Sprites/Nime Portugal/En/nime-Portugal_en_0005_Camada 4.jpg
  artifactKey: Guid(919bd9c46310cba4d8518fe67b9d9431) Importer(815301076,1909f56bfc062723c751e8b465ee728b)
Start importing Assets/Images/Nimes/Help Overlay/Sprites/Nime Portugal/En/nime-Portugal_en_0005_Camada 4.jpg using Guid(919bd9c46310cba4d8518fe67b9d9431) Importer(815301076,1909f56bfc062723c751e8b465ee728b)  -> (artifact id: '187fcf740ecbb79c041a7530500f8148') in 0.069822 seconds 
  Import took 0.118068 seconds .

========================================================================
Received Import Request.
  Time since last request: 0.000443 seconds.
  path: Assets/Images/Nimes/Help Overlay/Sprites/Nime Portugal/En/nime-Portugal_en_0001_Camada 8.jpg
  artifactKey: Guid(b62803a8e74c31e4dae9f3e70e10af46) Importer(815301076,1909f56bfc062723c751e8b465ee728b)
Start importing Assets/Images/Nimes/Help Overlay/Sprites/Nime Portugal/En/nime-Portugal_en_0001_Camada 8.jpg using Guid(b62803a8e74c31e4dae9f3e70e10af46) Importer(815301076,1909f56bfc062723c751e8b465ee728b)  -> (artifact id: 'a00bfa65b24b4c254ef5b5ed1c49b106') in 0.027183 seconds 
  Import took 0.067137 seconds .

========================================================================
Received Import Request.
  Time since last request: 0.000283 seconds.
  path: Assets/Images/Nimes/Help Overlay/Sprites/Nime Portugal/En/nime-Portugal_en_0002_Camada 7.jpg
  artifactKey: Guid(238e997d69f66d546bc9fd23ce21de49) Importer(815301076,1909f56bfc062723c751e8b465ee728b)
Start importing Assets/Images/Nimes/Help Overlay/Sprites/Nime Portugal/En/nime-Portugal_en_0002_Camada 7.jpg using Guid(238e997d69f66d546bc9fd23ce21de49) Importer(815301076,1909f56bfc062723c751e8b465ee728b)  -> (artifact id: '2811691fcfb9f83f1297d7d681a3cfba') in 0.044449 seconds 
  Import took 0.067096 seconds .

========================================================================
Received Import Request.
  Time since last request: 0.000374 seconds.
  path: Assets/Images/Nimes/Help Overlay/Sprites/Nime Portugal/En/nime-Portugal_en_0004_Camada 5.jpg
  artifactKey: Guid(f0bdc68468aa6054c8e625fe0adde577) Importer(815301076,1909f56bfc062723c751e8b465ee728b)
Start importing Assets/Images/Nimes/Help Overlay/Sprites/Nime Portugal/En/nime-Portugal_en_0004_Camada 5.jpg using Guid(f0bdc68468aa6054c8e625fe0adde577) Importer(815301076,1909f56bfc062723c751e8b465ee728b)  -> (artifact id: 'c00ae0717884b99f8a3dd963deee7df1') in 0.049598 seconds 
  Import took 0.104498 seconds .

========================================================================
Received Import Request.
  Time since last request: 1.929245 seconds.
  path: Assets/Images/Nimes/Help Overlay/Sprites/Nime Portugal/En/nime-Portugal_en_0006_Camada 3.jpg
  artifactKey: Guid(2600e599b38fbe047936399bf82df4d7) Importer(815301076,1909f56bfc062723c751e8b465ee728b)
Start importing Assets/Images/Nimes/Help Overlay/Sprites/Nime Portugal/En/nime-Portugal_en_0006_Camada 3.jpg using Guid(2600e599b38fbe047936399bf82df4d7) Importer(815301076,1909f56bfc062723c751e8b465ee728b)  -> (artifact id: '01833122d49ab004e13d50ba430ee17c') in 0.050619 seconds 
  Import took 0.067380 seconds .

========================================================================
Received Import Request.
  Time since last request: 3.427510 seconds.
  path: Assets/Images/Icons/cogNime.png
  artifactKey: Guid(602464c54082b094c978117d5b2c1ba7) Importer(815301076,1909f56bfc062723c751e8b465ee728b)
Start importing Assets/Images/Icons/cogNime.png using Guid(602464c54082b094c978117d5b2c1ba7) Importer(815301076,1909f56bfc062723c751e8b465ee728b)  -> (artifact id: '0560ffffaf2a9d4d525556d27680a40b') in 0.052216 seconds 
  Import took 0.091869 seconds .

========================================================================
Received Import Request.
  Time since last request: 1.662669 seconds.
  path: Assets/Images/Icons/List.png
  artifactKey: Guid(038746f090eead74694021569701e0fe) Importer(815301076,1909f56bfc062723c751e8b465ee728b)
Start importing Assets/Images/Icons/List.png using Guid(038746f090eead74694021569701e0fe) Importer(815301076,1909f56bfc062723c751e8b465ee728b)  -> (artifact id: 'c40d0e8502feb85b262dc77921218b8d') in 0.045845 seconds 
  Import took 0.072454 seconds .

========================================================================
Received Import Request.
  Time since last request: 0.032498 seconds.
  path: Assets/Images/Nimes/Help Overlay/Sprites/Nime2/En/Nime-1v2_en_0000_Camada 9.jpg
  artifactKey: Guid(c75fc9c1189a5d9498b6880757848286) Importer(815301076,1909f56bfc062723c751e8b465ee728b)
Start importing Assets/Images/Nimes/Help Overlay/Sprites/Nime2/En/Nime-1v2_en_0000_Camada 9.jpg using Guid(c75fc9c1189a5d9498b6880757848286) Importer(815301076,1909f56bfc062723c751e8b465ee728b)  -> (artifact id: '9c53850f14baf85c85d49fb3a0fab7ea') in 0.070719 seconds 
  Import took 0.110782 seconds .

========================================================================
Received Import Request.
  Time since last request: 0.136684 seconds.
  path: Assets/Images/Nimes/Help Overlay/Sprites/Nime2/En/Nime-1v2_en_0001_Camada 8.jpg
  artifactKey: Guid(b6eafd025de981d44bbd5a7eef4e27c5) Importer(815301076,1909f56bfc062723c751e8b465ee728b)
Start importing Assets/Images/Nimes/Help Overlay/Sprites/Nime2/En/Nime-1v2_en_0001_Camada 8.jpg using Guid(b6eafd025de981d44bbd5a7eef4e27c5) Importer(815301076,1909f56bfc062723c751e8b465ee728b)  -> (artifact id: '2456dd43ab26ae9d1d3ade8bbdfc2507') in 0.032360 seconds 
  Import took 0.047783 seconds .

========================================================================
Received Import Request.
  Time since last request: 0.000321 seconds.
  path: Assets/Images/Nimes/Help Overlay/Sprites/Nime2/En/Nime-1v2_en_0002_Camada 7.jpg
  artifactKey: Guid(fd04b16292fcafd43b3c72cd83f30c46) Importer(815301076,1909f56bfc062723c751e8b465ee728b)
Start importing Assets/Images/Nimes/Help Overlay/Sprites/Nime2/En/Nime-1v2_en_0002_Camada 7.jpg using Guid(fd04b16292fcafd43b3c72cd83f30c46) Importer(815301076,1909f56bfc062723c751e8b465ee728b)  -> (artifact id: '7b3b317fd48df66a87ea752b148842c8') in 0.043454 seconds 
  Import took 0.050460 seconds .

========================================================================
Received Import Request.
  Time since last request: 0.000374 seconds.
  path: Assets/Images/Nimes/Help Overlay/Sprites/Nime2/En/Nime-1v2_en_0003_Camada 6.jpg
  artifactKey: Guid(42319b3218ca1d64ab30a60da7863da6) Importer(815301076,1909f56bfc062723c751e8b465ee728b)
Start importing Assets/Images/Nimes/Help Overlay/Sprites/Nime2/En/Nime-1v2_en_0003_Camada 6.jpg using Guid(42319b3218ca1d64ab30a60da7863da6) Importer(815301076,1909f56bfc062723c751e8b465ee728b)  -> (artifact id: 'bd90ef67ffe0aac43ddcc59163f8bd27') in 0.086918 seconds 
  Import took 0.197662 seconds .

========================================================================
Received Import Request.
  Time since last request: 0.000403 seconds.
  path: Assets/Images/Nimes/Help Overlay/Sprites/Nime2/En/Nime-1v2_en_0005_Camada 4.jpg
  artifactKey: Guid(63b01be78cffe134387ce84847636c9a) Importer(815301076,1909f56bfc062723c751e8b465ee728b)
Start importing Assets/Images/Nimes/Help Overlay/Sprites/Nime2/En/Nime-1v2_en_0005_Camada 4.jpg using Guid(63b01be78cffe134387ce84847636c9a) Importer(815301076,1909f56bfc062723c751e8b465ee728b)  -> (artifact id: 'ff98a0f1819dbfac44f139f0542cfcd9') in 0.049697 seconds 
  Import took 0.073403 seconds .

========================================================================
Received Import Request.
  Time since last request: 0.000292 seconds.
  path: Assets/Images/Nimes/Help Overlay/Sprites/Nime2/En/Nime-1v2_en_0007_Camada 2.jpg
  artifactKey: Guid(914c939c36ff0f2438ab54aeebbc9ee8) Importer(815301076,1909f56bfc062723c751e8b465ee728b)
Start importing Assets/Images/Nimes/Help Overlay/Sprites/Nime2/En/Nime-1v2_en_0007_Camada 2.jpg using Guid(914c939c36ff0f2438ab54aeebbc9ee8) Importer(815301076,1909f56bfc062723c751e8b465ee728b)  -> (artifact id: '7728ec19aeb00157cf446693a9e0097a') in 0.072589 seconds 
  Import took 0.079075 seconds .

========================================================================
Received Import Request.
  Time since last request: 0.000342 seconds.
  path: Assets/Images/Nimes/Help Overlay/Sprites/Nime2/Pt/Nime-1v2_pt_0004_Camada 5.jpg
  artifactKey: Guid(1e869768ff58b2f4295d012af592113f) Importer(815301076,1909f56bfc062723c751e8b465ee728b)
Start importing Assets/Images/Nimes/Help Overlay/Sprites/Nime2/Pt/Nime-1v2_pt_0004_Camada 5.jpg using Guid(1e869768ff58b2f4295d012af592113f) Importer(815301076,1909f56bfc062723c751e8b465ee728b)  -> (artifact id: '815f61bc3091b6088f1b0d43018f293b') in 0.089902 seconds 
  Import took 0.106985 seconds .

========================================================================
Received Import Request.
  Time since last request: 0.000329 seconds.
  path: Assets/Images/Nimes/Help Overlay/Sprites/Nime2/Pt/Nime-1v2_pt_0005_Camada 4.jpg
  artifactKey: Guid(fb4d836c48428ff4fbf0a63c7f9f5380) Importer(815301076,1909f56bfc062723c751e8b465ee728b)
Start importing Assets/Images/Nimes/Help Overlay/Sprites/Nime2/Pt/Nime-1v2_pt_0005_Camada 4.jpg using Guid(fb4d836c48428ff4fbf0a63c7f9f5380) Importer(815301076,1909f56bfc062723c751e8b465ee728b)  -> (artifact id: 'a28a7225e1326af6ccf6b95de82b7bc2') in 0.032698 seconds 
  Import took 0.082013 seconds .

========================================================================
Received Import Request.
  Time since last request: 0.000405 seconds.
  path: Assets/Images/Nimes/Help Overlay/Sprites/Nime2/Pt/Nime-1v2_pt_0003_Camada 6.jpg
  artifactKey: Guid(b4c293560d5296847a0074907ba850ac) Importer(815301076,1909f56bfc062723c751e8b465ee728b)
Start importing Assets/Images/Nimes/Help Overlay/Sprites/Nime2/Pt/Nime-1v2_pt_0003_Camada 6.jpg using Guid(b4c293560d5296847a0074907ba850ac) Importer(815301076,1909f56bfc062723c751e8b465ee728b)  -> (artifact id: '40c29f92ae99fc7e4f31b9ecd87e0e91') in 0.043823 seconds 
  Import took 0.089148 seconds .

========================================================================
Received Import Request.
  Time since last request: 0.000307 seconds.
  path: Assets/Images/Nimes/Help Overlay/Sprites/Nime2/Pt/Nime-1v2_pt_0006_Camada 3.jpg
  artifactKey: Guid(7b499a3fd5bcbf84485235f987cc247d) Importer(815301076,1909f56bfc062723c751e8b465ee728b)
Start importing Assets/Images/Nimes/Help Overlay/Sprites/Nime2/Pt/Nime-1v2_pt_0006_Camada 3.jpg using Guid(7b499a3fd5bcbf84485235f987cc247d) Importer(815301076,1909f56bfc062723c751e8b465ee728b)  -> (artifact id: '9741198441766732f4d38983ccb4b694') in 0.035063 seconds 
  Import took 0.053723 seconds .

========================================================================
Received Import Request.
  Time since last request: 0.000408 seconds.
  path: Assets/Images/Nimes/Help Overlay/Sprites/Nime2/Pt/Nime-1v2_pt_0007_Camada 2.jpg
  artifactKey: Guid(40f606f2614f9c742ad78184232b444b) Importer(815301076,1909f56bfc062723c751e8b465ee728b)
Start importing Assets/Images/Nimes/Help Overlay/Sprites/Nime2/Pt/Nime-1v2_pt_0007_Camada 2.jpg using Guid(40f606f2614f9c742ad78184232b444b) Importer(815301076,1909f56bfc062723c751e8b465ee728b)  -> (artifact id: '8287d79f59c4c9d9eb161abe1a01d810') in 0.033919 seconds 
  Import took 0.041977 seconds .

========================================================================
Received Import Request.
  Time since last request: 0.000344 seconds.
  path: Assets/Images/Nimes/Help Overlay/Sprites/Nime2/Pt/Nime-1v2_pt_0008_Camada 1.jpg
  artifactKey: Guid(0d2aefef40ae67e4fb7c7bbed6e9d24e) Importer(815301076,1909f56bfc062723c751e8b465ee728b)
Start importing Assets/Images/Nimes/Help Overlay/Sprites/Nime2/Pt/Nime-1v2_pt_0008_Camada 1.jpg using Guid(0d2aefef40ae67e4fb7c7bbed6e9d24e) Importer(815301076,1909f56bfc062723c751e8b465ee728b)  -> (artifact id: 'f6e8a0d65d53f30ac5f845c6edc1d4e1') in 0.041962 seconds 
  Import took 0.072977 seconds .

========================================================================
Received Import Request.
  Time since last request: 0.000323 seconds.
  path: Assets/Images/Nimes/Help Overlay/Sprites/Nime2/Pt/Nime-1v2_pt_0002_Camada 7.jpg
  artifactKey: Guid(6b4937e4fbed0e84f9b64fccbb24827c) Importer(815301076,1909f56bfc062723c751e8b465ee728b)
Start importing Assets/Images/Nimes/Help Overlay/Sprites/Nime2/Pt/Nime-1v2_pt_0002_Camada 7.jpg using Guid(6b4937e4fbed0e84f9b64fccbb24827c) Importer(815301076,1909f56bfc062723c751e8b465ee728b)  -> (artifact id: 'b3b59304213d89b9f53f7af747d275b6') in 0.026242 seconds 
  Import took 0.033711 seconds .

========================================================================
Received Import Request.
  Time since last request: 0.000358 seconds.
  path: Assets/Images/Nimes/Help Overlay/Sprites/Nime2/En/Nime-1v2_en_0008_Camada 1.jpg
  artifactKey: Guid(63e91f5084675844e8edc68e2db33e1a) Importer(815301076,1909f56bfc062723c751e8b465ee728b)
Start importing Assets/Images/Nimes/Help Overlay/Sprites/Nime2/En/Nime-1v2_en_0008_Camada 1.jpg using Guid(63e91f5084675844e8edc68e2db33e1a) Importer(815301076,1909f56bfc062723c751e8b465ee728b)  -> (artifact id: '529e731b6d8264a6b346485838e574c5') in 0.030112 seconds 
  Import took 0.038610 seconds .

========================================================================
Received Import Request.
  Time since last request: 0.000336 seconds.
  path: Assets/Images/Nimes/Help Overlay/Sprites/Nime2/En/Nime-1v2_en_0006_Camada 3.jpg
  artifactKey: Guid(9b0630b21ebb30647853e0fcf6b1152c) Importer(815301076,1909f56bfc062723c751e8b465ee728b)
Start importing Assets/Images/Nimes/Help Overlay/Sprites/Nime2/En/Nime-1v2_en_0006_Camada 3.jpg using Guid(9b0630b21ebb30647853e0fcf6b1152c) Importer(815301076,1909f56bfc062723c751e8b465ee728b)  -> (artifact id: '0e600b31332d93c319cc34678ae184d8') in 0.049598 seconds 
  Import took 0.057877 seconds .

========================================================================
Received Import Request.
  Time since last request: 0.000339 seconds.
  path: Assets/Images/Nimes/Help Overlay/Sprites/Nime2/En/Nime-1v2_en_0004_Camada 5.jpg
  artifactKey: Guid(39e6076acc1c76c4198b954e362e4641) Importer(815301076,1909f56bfc062723c751e8b465ee728b)
Start importing Assets/Images/Nimes/Help Overlay/Sprites/Nime2/En/Nime-1v2_en_0004_Camada 5.jpg using Guid(39e6076acc1c76c4198b954e362e4641) Importer(815301076,1909f56bfc062723c751e8b465ee728b)  -> (artifact id: 'df54659df983d7f77903ffc5dc5169f3') in 0.070362 seconds 
  Import took 0.092986 seconds .

========================================================================
Received Import Request.
  Time since last request: 0.033127 seconds.
  path: Assets/Images/Nimes/Help Overlay/Sprites/Nime Portugal/En/nime-Portugal_en_0007_Camada 2.jpg
  artifactKey: Guid(08c964fc71a36444d869d8a978ba9cb9) Importer(815301076,1909f56bfc062723c751e8b465ee728b)
Start importing Assets/Images/Nimes/Help Overlay/Sprites/Nime Portugal/En/nime-Portugal_en_0007_Camada 2.jpg using Guid(08c964fc71a36444d869d8a978ba9cb9) Importer(815301076,1909f56bfc062723c751e8b465ee728b)  -> (artifact id: '9af2fb1c082d7899b14e0790121b1133') in 0.018925 seconds 
  Import took 0.031027 seconds .

========================================================================
Received Import Request.
  Time since last request: 0.231394 seconds.
  path: Assets/Images/Nimes/Help Overlay/Sprites/Nime Portugal/En/nime-Portugal_en_0008_Camada 1.jpg
  artifactKey: Guid(263d168a4f49c6840bf156ec8fbc2c4e) Importer(815301076,1909f56bfc062723c751e8b465ee728b)
Start importing Assets/Images/Nimes/Help Overlay/Sprites/Nime Portugal/En/nime-Portugal_en_0008_Camada 1.jpg using Guid(263d168a4f49c6840bf156ec8fbc2c4e) Importer(815301076,1909f56bfc062723c751e8b465ee728b)  -> (artifact id: '63143a4afa99336f6c30052f1911265c') in 0.037798 seconds 
  Import took 0.045231 seconds .

========================================================================
Received Import Request.
  Time since last request: 0.000364 seconds.
  path: Assets/Images/Nimes/Help Overlay/Sprites/Nime Portugal/Pt/nime-Portugal_pt_0001_Camada 8.jpg
  artifactKey: Guid(d9e134792f756904c8453ca8b2fb4052) Importer(815301076,1909f56bfc062723c751e8b465ee728b)
Start importing Assets/Images/Nimes/Help Overlay/Sprites/Nime Portugal/Pt/nime-Portugal_pt_0001_Camada 8.jpg using Guid(d9e134792f756904c8453ca8b2fb4052) Importer(815301076,1909f56bfc062723c751e8b465ee728b)  -> (artifact id: 'dcd1b1257c7cb82df69dcd17cae994c3') in 0.068983 seconds 
  Import took 0.094706 seconds .

========================================================================
Received Import Request.
  Time since last request: 0.000449 seconds.
  path: Assets/Images/Nimes/Help Overlay/Sprites/Nime Portugal/Pt/nime-Portugal_pt_0000_Camada 9.jpg
  artifactKey: Guid(f6d09221352a02b4595a2fa963b23eb3) Importer(815301076,1909f56bfc062723c751e8b465ee728b)
Start importing Assets/Images/Nimes/Help Overlay/Sprites/Nime Portugal/Pt/nime-Portugal_pt_0000_Camada 9.jpg using Guid(f6d09221352a02b4595a2fa963b23eb3) Importer(815301076,1909f56bfc062723c751e8b465ee728b)  -> (artifact id: 'e9b12f11db204397041d20d25884d107') in 0.035592 seconds 
  Import took 0.082165 seconds .

========================================================================
Received Import Request.
  Time since last request: 0.000299 seconds.
  path: Assets/Images/Nimes/Help Overlay/Sprites/Nime Portugal/Pt/nime-Portugal_pt_0002_Camada 7.jpg
  artifactKey: Guid(38b8bb56d22aa884cb7154b891f8a119) Importer(815301076,1909f56bfc062723c751e8b465ee728b)
Start importing Assets/Images/Nimes/Help Overlay/Sprites/Nime Portugal/Pt/nime-Portugal_pt_0002_Camada 7.jpg using Guid(38b8bb56d22aa884cb7154b891f8a119) Importer(815301076,1909f56bfc062723c751e8b465ee728b)  -> (artifact id: 'b840719c46505c17f46607c378deea6d') in 0.037587 seconds 
  Import took 0.078933 seconds .

========================================================================
Received Import Request.
  Time since last request: 0.000342 seconds.
  path: Assets/Images/Nimes/Help Overlay/Sprites/Nime Portugal/Pt/nime-Portugal_pt_0003_Camada 6.jpg
  artifactKey: Guid(59d1396dcd3a21a4fa507c08fa455cb5) Importer(815301076,1909f56bfc062723c751e8b465ee728b)
Start importing Assets/Images/Nimes/Help Overlay/Sprites/Nime Portugal/Pt/nime-Portugal_pt_0003_Camada 6.jpg using Guid(59d1396dcd3a21a4fa507c08fa455cb5) Importer(815301076,1909f56bfc062723c751e8b465ee728b)  -> (artifact id: '0c58743e7dda3a2c4087ea77ccb6d5e8') in 0.064985 seconds 
  Import took 0.073294 seconds .

========================================================================
Received Import Request.
  Time since last request: 0.000325 seconds.
  path: Assets/Images/Nimes/Help Overlay/Sprites/Nime Portugal/Pt/nime-Portugal_pt_0004_Camada 5.jpg
  artifactKey: Guid(9630f036f0b0ff143b9467bdd7b998fc) Importer(815301076,1909f56bfc062723c751e8b465ee728b)
Start importing Assets/Images/Nimes/Help Overlay/Sprites/Nime Portugal/Pt/nime-Portugal_pt_0004_Camada 5.jpg using Guid(9630f036f0b0ff143b9467bdd7b998fc) Importer(815301076,1909f56bfc062723c751e8b465ee728b)  -> (artifact id: 'cfbe2749acc3a34019a056dbc0744511') in 0.044320 seconds 
  Import took 0.077002 seconds .

========================================================================
Received Import Request.
  Time since last request: 0.000258 seconds.
  path: Assets/Images/Nimes/Help Overlay/Sprites/Nime Portugal/Pt/nime-Portugal_pt_0008_Camada 1.jpg
  artifactKey: Guid(54476249b5733584a9a32eb1c2e3ad64) Importer(815301076,1909f56bfc062723c751e8b465ee728b)
Start importing Assets/Images/Nimes/Help Overlay/Sprites/Nime Portugal/Pt/nime-Portugal_pt_0008_Camada 1.jpg using Guid(54476249b5733584a9a32eb1c2e3ad64) Importer(815301076,1909f56bfc062723c751e8b465ee728b)  -> (artifact id: 'f33383065a390ae02bb966cfb77807ae') in 0.069642 seconds 
  Import took 0.088059 seconds .

========================================================================
Received Import Request.
  Time since last request: 0.000235 seconds.
  path: Assets/Images/Nimes/Help Overlay/Sprites/Nime Portugal/Pt/nime-Portugal_pt_0005_Camada 4.jpg
  artifactKey: Guid(8f1c7daa09c1a114e9fff98b6eb6f60d) Importer(815301076,1909f56bfc062723c751e8b465ee728b)
Start importing Assets/Images/Nimes/Help Overlay/Sprites/Nime Portugal/Pt/nime-Portugal_pt_0005_Camada 4.jpg using Guid(8f1c7daa09c1a114e9fff98b6eb6f60d) Importer(815301076,1909f56bfc062723c751e8b465ee728b)  -> (artifact id: '1447db2ae6a01d419ce03eef29b8d257') in 0.021564 seconds 
  Import took 0.039376 seconds .

========================================================================
Received Import Request.
  Time since last request: 0.000229 seconds.
  path: Assets/Images/Nimes/Help Overlay/Sprites/Nime Portugal/Pt/nime-Portugal_pt_0006_Camada 3.jpg
  artifactKey: Guid(f6b0a130a6a4acc46b87af739283bc35) Importer(815301076,1909f56bfc062723c751e8b465ee728b)
Start importing Assets/Images/Nimes/Help Overlay/Sprites/Nime Portugal/Pt/nime-Portugal_pt_0006_Camada 3.jpg using Guid(f6b0a130a6a4acc46b87af739283bc35) Importer(815301076,1909f56bfc062723c751e8b465ee728b)  -> (artifact id: 'f6936f5dce05d8dd4a26b608e1a46072') in 0.055780 seconds 
  Import took 0.062350 seconds .

========================================================================
Received Import Request.
  Time since last request: 0.000314 seconds.
  path: Assets/Images/Nimes/Help Overlay/Sprites/Nime Portugal/Pt/nime-Portugal_pt_0007_Camada 2.jpg
  artifactKey: Guid(872b246d39a79aa418f555b0934b4dda) Importer(815301076,1909f56bfc062723c751e8b465ee728b)
Start importing Assets/Images/Nimes/Help Overlay/Sprites/Nime Portugal/Pt/nime-Portugal_pt_0007_Camada 2.jpg using Guid(872b246d39a79aa418f555b0934b4dda) Importer(815301076,1909f56bfc062723c751e8b465ee728b)  -> (artifact id: 'ecd1bff10c59c8b6c9a906b2d5181d6f') in 0.042749 seconds 
  Import took 0.062417 seconds .

========================================================================
Received Import Request.
  Time since last request: 1.439699 seconds.
  path: Assets/Images/Nimes/Background/NIME01v2.png
  artifactKey: Guid(82730a288d50db7449303f44a599fc88) Importer(815301076,1909f56bfc062723c751e8b465ee728b)
Start importing Assets/Images/Nimes/Background/NIME01v2.png using Guid(82730a288d50db7449303f44a599fc88) Importer(815301076,1909f56bfc062723c751e8b465ee728b)  -> (artifact id: '91c3d6ef729443106010dbd7298d6128') in 0.028514 seconds 
  Import took 0.099625 seconds .

========================================================================
Received Import Request.
  Time since last request: 0.253285 seconds.
  path: Assets/Images/Nimes/Background/NIME02v2.png
  artifactKey: Guid(d99909cabb87956458e1425b5d2b608c) Importer(815301076,1909f56bfc062723c751e8b465ee728b)
Start importing Assets/Images/Nimes/Background/NIME02v2.png using Guid(d99909cabb87956458e1425b5d2b608c) Importer(815301076,1909f56bfc062723c751e8b465ee728b)  -> (artifact id: '5da30bcc8c4ea94cc6ee2bf52f1a16c4') in 0.037487 seconds 
  Import took 0.057714 seconds .

========================================================================
Received Import Request.
  Time since last request: 0.007151 seconds.
  path: Assets/Images/Nimes/Background/NIME03.png
  artifactKey: Guid(04afcb86ea03f3f4ca0de39530e22179) Importer(815301076,1909f56bfc062723c751e8b465ee728b)
Start importing Assets/Images/Nimes/Background/NIME03.png using Guid(04afcb86ea03f3f4ca0de39530e22179) Importer(815301076,1909f56bfc062723c751e8b465ee728b)  -> (artifact id: 'e7aea9684050d1ebdcee6d242f208e2a') in 0.024073 seconds 
  Import took 0.042813 seconds .

========================================================================
Received Import Request.
  Time since last request: 1.234276 seconds.
  path: Assets/Images/Nimes/Background/NIME04.png
  artifactKey: Guid(3daba8c5ace4a494fa4eb2efed79a4f5) Importer(815301076,1909f56bfc062723c751e8b465ee728b)
Start importing Assets/Images/Nimes/Background/NIME04.png using Guid(3daba8c5ace4a494fa4eb2efed79a4f5) Importer(815301076,1909f56bfc062723c751e8b465ee728b)  -> (artifact id: '435dc6434a9c5aa142d41a83017dd05a') in 0.166848 seconds 
  Import took 0.217076 seconds .

========================================================================
Received Import Request.
  Time since last request: 0.000459 seconds.
  path: Assets/Images/Nimes/Help Overlay/Sprites/Nime4/En/Nime4v2_0001_Camada 8.jpg
  artifactKey: Guid(1074c19831b2fdb4ba5b941aa1016143) Importer(815301076,1909f56bfc062723c751e8b465ee728b)
Start importing Assets/Images/Nimes/Help Overlay/Sprites/Nime4/En/Nime4v2_0001_Camada 8.jpg using Guid(1074c19831b2fdb4ba5b941aa1016143) Importer(815301076,1909f56bfc062723c751e8b465ee728b)  -> (artifact id: '140d46c60cd2474a5af8ed740a08b79b') in 0.198651 seconds 
  Import took 0.239215 seconds .

========================================================================
Received Import Request.
  Time since last request: 0.000336 seconds.
  path: Assets/Images/Nimes/Help Overlay/Sprites/Nime4/En/Nime4v2_0002_Camada 7.jpg
  artifactKey: Guid(c72e3213959488a4ab2b6197512113c7) Importer(815301076,1909f56bfc062723c751e8b465ee728b)
Start importing Assets/Images/Nimes/Help Overlay/Sprites/Nime4/En/Nime4v2_0002_Camada 7.jpg using Guid(c72e3213959488a4ab2b6197512113c7) Importer(815301076,1909f56bfc062723c751e8b465ee728b)  -> (artifact id: '95a9dcb64f6dbb2c1c824e5ccbc4b10a') in 0.023168 seconds 
  Import took 0.055052 seconds .

========================================================================
Received Import Request.
  Time since last request: 0.000416 seconds.
  path: Assets/Images/Nimes/Help Overlay/Sprites/Nime4/En/Nime4v2_0006_Camada 3.jpg
  artifactKey: Guid(107c466f00273db4985b3e5854f8e027) Importer(815301076,1909f56bfc062723c751e8b465ee728b)
Start importing Assets/Images/Nimes/Help Overlay/Sprites/Nime4/En/Nime4v2_0006_Camada 3.jpg using Guid(107c466f00273db4985b3e5854f8e027) Importer(815301076,1909f56bfc062723c751e8b465ee728b)  -> (artifact id: '859ca1a9a23c198654bb41bcaec5550e') in 0.041484 seconds 
  Import took 0.058549 seconds .

========================================================================
Received Import Request.
  Time since last request: 0.000340 seconds.
  path: Assets/Images/Nimes/Help Overlay/Sprites/Nime4/En/Nime4v2_0007_Camada 2.jpg
  artifactKey: Guid(0e685365453178a4483112e8a2d94da5) Importer(815301076,1909f56bfc062723c751e8b465ee728b)
Start importing Assets/Images/Nimes/Help Overlay/Sprites/Nime4/En/Nime4v2_0007_Camada 2.jpg using Guid(0e685365453178a4483112e8a2d94da5) Importer(815301076,1909f56bfc062723c751e8b465ee728b)  -> (artifact id: '504c3156d9f1190c020f3330d3807416') in 0.024223 seconds 
  Import took 0.063692 seconds .

========================================================================
Received Import Request.
  Time since last request: 0.000368 seconds.
  path: Assets/Images/Nimes/Help Overlay/Sprites/Nime4/En/Nime4v2_0003_Camada 6.jpg
  artifactKey: Guid(af043800582007447830548f4ed6659a) Importer(815301076,1909f56bfc062723c751e8b465ee728b)
Start importing Assets/Images/Nimes/Help Overlay/Sprites/Nime4/En/Nime4v2_0003_Camada 6.jpg using Guid(af043800582007447830548f4ed6659a) Importer(815301076,1909f56bfc062723c751e8b465ee728b)  -> (artifact id: 'b48b559c72e97c2c08e84870201c706c') in 0.044710 seconds 
  Import took 0.068347 seconds .

========================================================================
Received Import Request.
  Time since last request: 0.000353 seconds.
  path: Assets/Images/Nimes/Help Overlay/Sprites/Nime4/En/Nime4v2_0008_Camada 1.jpg
  artifactKey: Guid(a69ba4f473b827f42b32a55a7cf29c76) Importer(815301076,1909f56bfc062723c751e8b465ee728b)
Start importing Assets/Images/Nimes/Help Overlay/Sprites/Nime4/En/Nime4v2_0008_Camada 1.jpg using Guid(a69ba4f473b827f42b32a55a7cf29c76) Importer(815301076,1909f56bfc062723c751e8b465ee728b)  -> (artifact id: 'b3e6e5794b1c2fc05ce81ae8eed77510') in 0.023757 seconds 
  Import took 0.031409 seconds .

========================================================================
Received Import Request.
  Time since last request: 0.000276 seconds.
  path: Assets/Images/Nimes/Help Overlay/Sprites/Nime4/Pt/Nime4v2_pt_0001_Camada 8.jpg
  artifactKey: Guid(1ebc77908358a7943a50c78c155b9cf6) Importer(815301076,1909f56bfc062723c751e8b465ee728b)
Start importing Assets/Images/Nimes/Help Overlay/Sprites/Nime4/Pt/Nime4v2_pt_0001_Camada 8.jpg using Guid(1ebc77908358a7943a50c78c155b9cf6) Importer(815301076,1909f56bfc062723c751e8b465ee728b)  -> (artifact id: '9540254141411a2d1aef51d5779b23d8') in 0.043000 seconds 
  Import took 0.051303 seconds .

========================================================================
Received Import Request.
  Time since last request: 0.000331 seconds.
  path: Assets/Images/Nimes/Help Overlay/Sprites/Nime4/Pt/Nime4v2_pt_0000_Camada 9.jpg
  artifactKey: Guid(0e278ea2a2f76854b952e1b5e8da0f90) Importer(815301076,1909f56bfc062723c751e8b465ee728b)
Start importing Assets/Images/Nimes/Help Overlay/Sprites/Nime4/Pt/Nime4v2_pt_0000_Camada 9.jpg using Guid(0e278ea2a2f76854b952e1b5e8da0f90) Importer(815301076,1909f56bfc062723c751e8b465ee728b)  -> (artifact id: '41599e27d7bf2d2ec5e01d9ffaa033e0') in 0.036224 seconds 
  Import took 0.074645 seconds .

========================================================================
Received Import Request.
  Time since last request: 0.000268 seconds.
  path: Assets/Images/Nimes/Help Overlay/Sprites/Nime4/En/Nime4v2_0005_Camada 4.jpg
  artifactKey: Guid(175eb8d4a02a7714b8e7b27e0df534b1) Importer(815301076,1909f56bfc062723c751e8b465ee728b)
Start importing Assets/Images/Nimes/Help Overlay/Sprites/Nime4/En/Nime4v2_0005_Camada 4.jpg using Guid(175eb8d4a02a7714b8e7b27e0df534b1) Importer(815301076,1909f56bfc062723c751e8b465ee728b)  -> (artifact id: 'fdcbf0a6603696c8772c6237a6070c4e') in 0.023073 seconds 
  Import took 0.073276 seconds .

========================================================================
Received Import Request.
  Time since last request: 0.000363 seconds.
  path: Assets/Images/Nimes/Help Overlay/Sprites/Nime4/En/Nime4v2_0004_Camada 5.jpg
  artifactKey: Guid(e7b76e34fa5d0284c91b564faae931d0) Importer(815301076,1909f56bfc062723c751e8b465ee728b)
Start importing Assets/Images/Nimes/Help Overlay/Sprites/Nime4/En/Nime4v2_0004_Camada 5.jpg using Guid(e7b76e34fa5d0284c91b564faae931d0) Importer(815301076,1909f56bfc062723c751e8b465ee728b)  -> (artifact id: 'a827b75b94e8079ce6d802d686cc4316') in 0.042646 seconds 
  Import took 0.079964 seconds .

========================================================================
Received Import Request.
  Time since last request: 0.000269 seconds.
  path: Assets/Images/Nimes/Help Overlay/Sprites/Nime4/Pt/Nime4v2_pt_0002_Camada 7.jpg
  artifactKey: Guid(f9d9074b8834af34f9e286e8f7854a45) Importer(815301076,1909f56bfc062723c751e8b465ee728b)
Start importing Assets/Images/Nimes/Help Overlay/Sprites/Nime4/Pt/Nime4v2_pt_0002_Camada 7.jpg using Guid(f9d9074b8834af34f9e286e8f7854a45) Importer(815301076,1909f56bfc062723c751e8b465ee728b)  -> (artifact id: '6d4581aaf0b0de517cadc54299095ef4') in 0.063932 seconds 
  Import took 0.071051 seconds .

========================================================================
Received Import Request.
  Time since last request: 0.000379 seconds.
  path: Assets/Images/Nimes/Help Overlay/Sprites/Nime4/Pt/Nime4v2_pt_0003_Camada 6.jpg
  artifactKey: Guid(bbcafe1fde74f7d43817ffa7e2c25e72) Importer(815301076,1909f56bfc062723c751e8b465ee728b)
Start importing Assets/Images/Nimes/Help Overlay/Sprites/Nime4/Pt/Nime4v2_pt_0003_Camada 6.jpg using Guid(bbcafe1fde74f7d43817ffa7e2c25e72) Importer(815301076,1909f56bfc062723c751e8b465ee728b)  -> (artifact id: 'd2cb83919b37fefe10f18b4f751ca65c') in 0.022740 seconds 
  Import took 0.092579 seconds .

========================================================================
Received Import Request.
  Time since last request: 0.000321 seconds.
  path: Assets/Images/Nimes/Help Overlay/Sprites/Nime4/Pt/Nime4v2_pt_0005_Camada 4.jpg
  artifactKey: Guid(fa6a37b9856a48849b76890cafb2e05e) Importer(815301076,1909f56bfc062723c751e8b465ee728b)
Start importing Assets/Images/Nimes/Help Overlay/Sprites/Nime4/Pt/Nime4v2_pt_0005_Camada 4.jpg using Guid(fa6a37b9856a48849b76890cafb2e05e) Importer(815301076,1909f56bfc062723c751e8b465ee728b)  -> (artifact id: 'c871ceee1a83724e80a4ed531fd893dc') in 0.026146 seconds 
  Import took 0.091791 seconds .

========================================================================
Received Import Request.
  Time since last request: 0.000352 seconds.
  path: Assets/Images/Nimes/Help Overlay/Sprites/Nime4/Pt/Nime4v2_pt_0008_Camada 1.jpg
  artifactKey: Guid(22c6e4bb2826ae043bbe3ddd82e604bd) Importer(815301076,1909f56bfc062723c751e8b465ee728b)
Start importing Assets/Images/Nimes/Help Overlay/Sprites/Nime4/Pt/Nime4v2_pt_0008_Camada 1.jpg using Guid(22c6e4bb2826ae043bbe3ddd82e604bd) Importer(815301076,1909f56bfc062723c751e8b465ee728b)  -> (artifact id: 'a377912ac7fc150dc9565ac29a14c476') in 0.056468 seconds 
  Import took 0.062803 seconds .

========================================================================
Received Import Request.
  Time since last request: 0.000251 seconds.
  path: Assets/Images/Nimes/Help Overlay/Sprites/Nime4/Pt/Nime4v2_pt_0004_Camada 5.jpg
  artifactKey: Guid(d82ad272f2c70434dbd09acf7e019472) Importer(815301076,1909f56bfc062723c751e8b465ee728b)
Start importing Assets/Images/Nimes/Help Overlay/Sprites/Nime4/Pt/Nime4v2_pt_0004_Camada 5.jpg using Guid(d82ad272f2c70434dbd09acf7e019472) Importer(815301076,1909f56bfc062723c751e8b465ee728b)  -> (artifact id: 'b40612224a2737cbeccb94ff11e5c7c5') in 0.024067 seconds 
  Import took 0.032694 seconds .

========================================================================
Received Import Request.
  Time since last request: 0.000228 seconds.
  path: Assets/Images/Nimes/Help Overlay/Sprites/Nime4/Pt/Nime4v2_pt_0006_Camada 3.jpg
  artifactKey: Guid(31ed98ea686b89141b8e094ad0e1df1f) Importer(815301076,1909f56bfc062723c751e8b465ee728b)
Start importing Assets/Images/Nimes/Help Overlay/Sprites/Nime4/Pt/Nime4v2_pt_0006_Camada 3.jpg using Guid(31ed98ea686b89141b8e094ad0e1df1f) Importer(815301076,1909f56bfc062723c751e8b465ee728b)  -> (artifact id: '9b9465ab9157b80d7afe8e05d710cc6c') in 0.111630 seconds 
  Import took 0.119948 seconds .

========================================================================
Received Import Request.
  Time since last request: 0.000326 seconds.
  path: Assets/Images/Nimes/Help Overlay/Sprites/Nime4/Pt/Nime4v2_pt_0007_Camada 2.jpg
  artifactKey: Guid(c096c7b0aef9ef847bb93b07db8bb3fe) Importer(815301076,1909f56bfc062723c751e8b465ee728b)
Start importing Assets/Images/Nimes/Help Overlay/Sprites/Nime4/Pt/Nime4v2_pt_0007_Camada 2.jpg using Guid(c096c7b0aef9ef847bb93b07db8bb3fe) Importer(815301076,1909f56bfc062723c751e8b465ee728b)  -> (artifact id: '38da2cad0a4f048d32a1fa420e140305') in 0.062887 seconds 
  Import took 0.068942 seconds .

========================================================================
Received Import Request.
  Time since last request: 0.000376 seconds.
  path: Assets/Images/Nimes/Help Overlay/Sprites/Nime4/En/Nime4v2_0000_Camada 9.jpg
  artifactKey: Guid(7effdd7c1624d9f4b9db9ed9c5fbb934) Importer(815301076,1909f56bfc062723c751e8b465ee728b)
Start importing Assets/Images/Nimes/Help Overlay/Sprites/Nime4/En/Nime4v2_0000_Camada 9.jpg using Guid(7effdd7c1624d9f4b9db9ed9c5fbb934) Importer(815301076,1909f56bfc062723c751e8b465ee728b)  -> (artifact id: 'aa2fd287fed35546fc737fe828697f15') in 0.071041 seconds 
  Import took 0.077237 seconds .

========================================================================
Received Import Request.
  Time since last request: 0.066738 seconds.
  path: Assets/TextMesh Pro/Examples & Extras/Resources/Fonts & Materials/Roboto-Bold SDF.asset
  artifactKey: Guid(5302535af1044152a457ed104f1f4b91) Importer(815301076,1909f56bfc062723c751e8b465ee728b)
Start importing Assets/TextMesh Pro/Examples & Extras/Resources/Fonts & Materials/Roboto-Bold SDF.asset using Guid(5302535af1044152a457ed104f1f4b91) Importer(815301076,1909f56bfc062723c751e8b465ee728b)  -> (artifact id: 'aa99107149496c57dbe01cf99ee33e12') in 0.086383 seconds 
  Import took 0.093223 seconds .

========================================================================
Received Import Request.
  Time since last request: 0.000366 seconds.
  path: Assets/Images/Icons/SoundIcon.png
  artifactKey: Guid(193a4091357575f418c54aa347b2d59c) Importer(815301076,1909f56bfc062723c751e8b465ee728b)
Start importing Assets/Images/Icons/SoundIcon.png using Guid(193a4091357575f418c54aa347b2d59c) Importer(815301076,1909f56bfc062723c751e8b465ee728b)  -> (artifact id: '9cd87c25247411f53b2282b53b6db0fd') in 0.075243 seconds 
  Import took 0.081775 seconds .

========================================================================
Received Prepare
Registering precompiled user dll's ...
Registered in 0.006664 seconds.
Begin MonoManager ReloadAssembly
Native extension for WindowsStandalone target not found
Refreshing native plugins compatible for Editor in 0.71 ms, found 6 plugins.
Preloading 0 native plugins for Editor in 0.00 ms.
Mono: successfully reloaded assembly
- Completed reload, in  1.452 seconds
Domain Reload Profiling:
	ReloadAssembly (1453ms)
		BeginReloadAssembly (154ms)
			ExecutionOrderSort (0ms)
			DisableScriptedObjects (7ms)
			BackupInstance (0ms)
			ReleaseScriptingObjects (0ms)
			CreateAndSetChildDomain (52ms)
		EndReloadAssembly (1223ms)
			LoadAssemblies (118ms)
			RebuildTransferFunctionScriptingTraits (0ms)
			SetupTypeCache (447ms)
			ReleaseScriptCaches (1ms)
			RebuildScriptCaches (67ms)
			SetupLoadedEditorAssemblies (395ms)
				LogAssemblyErrors (0ms)
				InitializePlatformSupportModulesInManaged (6ms)
				SetLoadedEditorAssemblies (1ms)
				RefreshPlugins (1ms)
				BeforeProcessingInitializeOnLoad (127ms)
				ProcessInitializeOnLoadAttributes (233ms)
				ProcessInitializeOnLoadMethodAttributes (19ms)
				AfterProcessingInitializeOnLoad (9ms)
				EditorAssembliesLoaded (0ms)
			ExecutionOrderSort2 (0ms)
			AwakeInstancesAfterBackupRestoration (49ms)
Platform modules already initialized, skipping
Refreshing native plugins compatible for Editor in 0.80 ms, found 6 plugins.
Preloading 0 native plugins for Editor in 0.00 ms.
Unloading 3289 Unused Serialized files (Serialized files now loaded: 0)
System memory in use before: 134.3 MB.
System memory in use after: 134.5 MB.

Unloading 25 unused Assets to reduce memory usage. Loaded Objects now: 3856.
Total: 4.172200 ms (FindLiveObjects: 0.313200 ms CreateObjectMapping: 0.235200 ms MarkObjects: 3.575000 ms  DeleteObjects: 0.047600 ms)

AssetImportParameters requested are different than current active one (requested -> active):
  custom:framework-win-MediaFoundation: 216162199b28c13a410421893ffa2e32 -> 
  custom:video-decoder-ogg-theora: a1e56fd34408186e4bbccfd4996cb3dc -> 
  custom:container-muxer-webm: aa71ff27fc2769a1b78a27578f13a17b -> 
  custom:container-demuxer-webm: 4f35f7cbe854078d1ac9338744f61a02 -> 
  custom:container-demuxer-ogg: 62fdf1f143b41e24485cea50d1cbac27 -> 
  custom:video-encoder-webm-vp8: eb34c28f22e8b96e1ab97ce403110664 -> 
  custom:video-codec-MediaFoundation-h265: 746d11721c4dcdbdad8f713fa42b33f4 -> 
  custom:video-decoder-webm-vp8: 9c59270c3fd7afecdb556c50c9e8de78 -> 
  custom:audio-decoder-ogg-vorbis: bf7c407c2cedff20999df2af8eb42d56 -> 
  custom:audio-encoder-webm-vorbis: bf7c407c2cedff20999df2af8eb42d56 -> 
========================================================================
Received Prepare
Refreshing native plugins compatible for Editor in 5.89 ms, found 6 plugins.
Preloading 0 native plugins for Editor in 0.00 ms.
Unloading 23 Unused Serialized files (Serialized files now loaded: 0)
System memory in use before: 69.9 MB.
System memory in use after: 70.1 MB.

Unloading 23 unused Assets to reduce memory usage. Loaded Objects now: 3856.
Total: 4.538700 ms (FindLiveObjects: 0.318500 ms CreateObjectMapping: 0.254800 ms MarkObjects: 3.893100 ms  DeleteObjects: 0.055200 ms)

AssetImportParameters requested are different than current active one (requested -> active):
  custom:framework-win-MediaFoundation: 216162199b28c13a410421893ffa2e32 -> 
  custom:video-decoder-ogg-theora: a1e56fd34408186e4bbccfd4996cb3dc -> 
  custom:container-muxer-webm: aa71ff27fc2769a1b78a27578f13a17b -> 
  custom:container-demuxer-webm: 4f35f7cbe854078d1ac9338744f61a02 -> 
  custom:container-demuxer-ogg: 62fdf1f143b41e24485cea50d1cbac27 -> 
  custom:video-encoder-webm-vp8: eb34c28f22e8b96e1ab97ce403110664 -> 
  custom:video-codec-MediaFoundation-h265: 746d11721c4dcdbdad8f713fa42b33f4 -> 
  custom:video-decoder-webm-vp8: 9c59270c3fd7afecdb556c50c9e8de78 -> 
  custom:audio-decoder-ogg-vorbis: bf7c407c2cedff20999df2af8eb42d56 -> 
  custom:audio-encoder-webm-vorbis: bf7c407c2cedff20999df2af8eb42d56 -> 
========================================================================
Received Import Request.
  Time since last request: 176.005573 seconds.
  path: Assets/Localization/Locales/English (en).asset
  artifactKey: Guid(5f5d0b0082f897248b2f40f20b12b211) Importer(815301076,1909f56bfc062723c751e8b465ee728b)
Start importing Assets/Localization/Locales/English (en).asset using Guid(5f5d0b0082f897248b2f40f20b12b211) Importer(815301076,1909f56bfc062723c751e8b465ee728b)  -> (artifact id: '53d1c10e9c8594fb9d0d9024ea00b814') in 0.024053 seconds 
  Import took 0.030870 seconds .

========================================================================
Received Import Request.
  Time since last request: 0.000344 seconds.
  path: Assets/Localization/Locales/Portuguese (pt).asset
  artifactKey: Guid(aed31225480706e42b9aaa8a89a7048f) Importer(815301076,1909f56bfc062723c751e8b465ee728b)
Start importing Assets/Localization/Locales/Portuguese (pt).asset using Guid(aed31225480706e42b9aaa8a89a7048f) Importer(815301076,1909f56bfc062723c751e8b465ee728b)  -> (artifact id: '4dcb8d2c007dd1333255f1c3b150dba4') in 0.003311 seconds 
  Import took 0.010084 seconds .

========================================================================
Received Import Request.
  Time since last request: 0.000280 seconds.
  path: Assets/Localization/Locales/Portuguese (Portugal) (pt-PT).asset
  artifactKey: Guid(241fba7e0112b444b9ca3983a01b8eeb) Importer(815301076,1909f56bfc062723c751e8b465ee728b)
Start importing Assets/Localization/Locales/Portuguese (Portugal) (pt-PT).asset using Guid(241fba7e0112b444b9ca3983a01b8eeb) Importer(815301076,1909f56bfc062723c751e8b465ee728b)  -> (artifact id: '705f06337d21e59410c97820ed508a96') in 0.002872 seconds 
  Import took 0.010372 seconds .

========================================================================
Received Import Request.
  Time since last request: 206.468545 seconds.
  path: Assets/Scripts/ChangeLanguage.cs
  artifactKey: Guid(29f10f042b34216468f687f919b409e7) Importer(815301076,1909f56bfc062723c751e8b465ee728b)
Start importing Assets/Scripts/ChangeLanguage.cs using Guid(29f10f042b34216468f687f919b409e7) Importer(815301076,1909f56bfc062723c751e8b465ee728b)  -> (artifact id: 'f3847386da430bcb5997d971769863a6') in 0.112150 seconds 
  Import took 0.119210 seconds .

========================================================================
Received Prepare
Registering precompiled user dll's ...
Registered in 0.005302 seconds.
Begin MonoManager ReloadAssembly
Native extension for WindowsStandalone target not found
Refreshing native plugins compatible for Editor in 0.83 ms, found 6 plugins.
Preloading 0 native plugins for Editor in 0.00 ms.
Mono: successfully reloaded assembly
- Completed reload, in  1.612 seconds
Domain Reload Profiling:
	ReloadAssembly (1613ms)
		BeginReloadAssembly (163ms)
			ExecutionOrderSort (0ms)
			DisableScriptedObjects (8ms)
			BackupInstance (0ms)
			ReleaseScriptingObjects (0ms)
			CreateAndSetChildDomain (53ms)
		EndReloadAssembly (1355ms)
			LoadAssemblies (128ms)
			RebuildTransferFunctionScriptingTraits (0ms)
			SetupTypeCache (512ms)
			ReleaseScriptCaches (2ms)
			RebuildScriptCaches (74ms)
			SetupLoadedEditorAssemblies (424ms)
				LogAssemblyErrors (0ms)
				InitializePlatformSupportModulesInManaged (7ms)
				SetLoadedEditorAssemblies (1ms)
				RefreshPlugins (1ms)
				BeforeProcessingInitializeOnLoad (146ms)
				ProcessInitializeOnLoadAttributes (241ms)
				ProcessInitializeOnLoadMethodAttributes (19ms)
				AfterProcessingInitializeOnLoad (9ms)
				EditorAssembliesLoaded (0ms)
			ExecutionOrderSort2 (0ms)
			AwakeInstancesAfterBackupRestoration (50ms)
Platform modules already initialized, skipping
Refreshing native plugins compatible for Editor in 0.71 ms, found 6 plugins.
Preloading 0 native plugins for Editor in 0.00 ms.
Unloading 3289 Unused Serialized files (Serialized files now loaded: 0)
System memory in use before: 134.3 MB.
System memory in use after: 134.6 MB.

Unloading 25 unused Assets to reduce memory usage. Loaded Objects now: 3858.
Total: 4.236600 ms (FindLiveObjects: 0.336800 ms CreateObjectMapping: 0.167000 ms MarkObjects: 3.696700 ms  DeleteObjects: 0.034700 ms)

AssetImportParameters requested are different than current active one (requested -> active):
  custom:framework-win-MediaFoundation: 216162199b28c13a410421893ffa2e32 -> 
  custom:video-decoder-ogg-theora: a1e56fd34408186e4bbccfd4996cb3dc -> 
  custom:container-muxer-webm: aa71ff27fc2769a1b78a27578f13a17b -> 
  custom:container-demuxer-webm: 4f35f7cbe854078d1ac9338744f61a02 -> 
  custom:container-demuxer-ogg: 62fdf1f143b41e24485cea50d1cbac27 -> 
  custom:video-encoder-webm-vp8: eb34c28f22e8b96e1ab97ce403110664 -> 
  custom:video-codec-MediaFoundation-h265: 746d11721c4dcdbdad8f713fa42b33f4 -> 
  custom:video-decoder-webm-vp8: 9c59270c3fd7afecdb556c50c9e8de78 -> 
  custom:audio-decoder-ogg-vorbis: bf7c407c2cedff20999df2af8eb42d56 -> 
  custom:audio-encoder-webm-vorbis: bf7c407c2cedff20999df2af8eb42d56 -> 
========================================================================
Received Prepare
Registering precompiled user dll's ...
Registered in 0.005036 seconds.
Begin MonoManager ReloadAssembly
Native extension for WindowsStandalone target not found
Refreshing native plugins compatible for Editor in 0.76 ms, found 6 plugins.
Preloading 0 native plugins for Editor in 0.00 ms.
Mono: successfully reloaded assembly
- Completed reload, in  1.460 seconds
Domain Reload Profiling:
	ReloadAssembly (1461ms)
		BeginReloadAssembly (154ms)
			ExecutionOrderSort (0ms)
			DisableScriptedObjects (7ms)
			BackupInstance (0ms)
			ReleaseScriptingObjects (0ms)
			CreateAndSetChildDomain (47ms)
		EndReloadAssembly (1216ms)
			LoadAssemblies (121ms)
			RebuildTransferFunctionScriptingTraits (0ms)
			SetupTypeCache (445ms)
			ReleaseScriptCaches (2ms)
			RebuildScriptCaches (63ms)
			SetupLoadedEditorAssemblies (396ms)
				LogAssemblyErrors (0ms)
				InitializePlatformSupportModulesInManaged (6ms)
				SetLoadedEditorAssemblies (1ms)
				RefreshPlugins (1ms)
				BeforeProcessingInitializeOnLoad (121ms)
				ProcessInitializeOnLoadAttributes (231ms)
				ProcessInitializeOnLoadMethodAttributes (25ms)
				AfterProcessingInitializeOnLoad (11ms)
				EditorAssembliesLoaded (0ms)
			ExecutionOrderSort2 (0ms)
			AwakeInstancesAfterBackupRestoration (48ms)
Platform modules already initialized, skipping
Refreshing native plugins compatible for Editor in 0.71 ms, found 6 plugins.
Preloading 0 native plugins for Editor in 0.00 ms.
Unloading 3289 Unused Serialized files (Serialized files now loaded: 0)
System memory in use before: 134.3 MB.
System memory in use after: 134.6 MB.

Unloading 25 unused Assets to reduce memory usage. Loaded Objects now: 3860.
Total: 4.161500 ms (FindLiveObjects: 0.340500 ms CreateObjectMapping: 0.218100 ms MarkObjects: 3.547200 ms  DeleteObjects: 0.054600 ms)

AssetImportParameters requested are different than current active one (requested -> active):
  custom:framework-win-MediaFoundation: 216162199b28c13a410421893ffa2e32 -> 
  custom:video-decoder-ogg-theora: a1e56fd34408186e4bbccfd4996cb3dc -> 
  custom:container-muxer-webm: aa71ff27fc2769a1b78a27578f13a17b -> 
  custom:container-demuxer-webm: 4f35f7cbe854078d1ac9338744f61a02 -> 
  custom:container-demuxer-ogg: 62fdf1f143b41e24485cea50d1cbac27 -> 
  custom:video-encoder-webm-vp8: eb34c28f22e8b96e1ab97ce403110664 -> 
  custom:video-codec-MediaFoundation-h265: 746d11721c4dcdbdad8f713fa42b33f4 -> 
  custom:video-decoder-webm-vp8: 9c59270c3fd7afecdb556c50c9e8de78 -> 
  custom:audio-decoder-ogg-vorbis: bf7c407c2cedff20999df2af8eb42d56 -> 
  custom:audio-encoder-webm-vorbis: bf7c407c2cedff20999df2af8eb42d56 -> 
========================================================================
Received Prepare
Refreshing native plugins compatible for Editor in 6.50 ms, found 6 plugins.
Preloading 0 native plugins for Editor in 0.00 ms.
Unloading 23 Unused Serialized files (Serialized files now loaded: 0)
System memory in use before: 69.9 MB.
System memory in use after: 70.2 MB.

Unloading 23 unused Assets to reduce memory usage. Loaded Objects now: 3860.
Total: 4.649100 ms (FindLiveObjects: 0.367000 ms CreateObjectMapping: 0.228800 ms MarkObjects: 4.022300 ms  DeleteObjects: 0.029500 ms)

AssetImportParameters requested are different than current active one (requested -> active):
  custom:framework-win-MediaFoundation: 216162199b28c13a410421893ffa2e32 -> 
  custom:video-decoder-ogg-theora: a1e56fd34408186e4bbccfd4996cb3dc -> 
  custom:container-muxer-webm: aa71ff27fc2769a1b78a27578f13a17b -> 
  custom:container-demuxer-webm: 4f35f7cbe854078d1ac9338744f61a02 -> 
  custom:container-demuxer-ogg: 62fdf1f143b41e24485cea50d1cbac27 -> 
  custom:video-encoder-webm-vp8: eb34c28f22e8b96e1ab97ce403110664 -> 
  custom:video-codec-MediaFoundation-h265: 746d11721c4dcdbdad8f713fa42b33f4 -> 
  custom:video-decoder-webm-vp8: 9c59270c3fd7afecdb556c50c9e8de78 -> 
  custom:audio-decoder-ogg-vorbis: bf7c407c2cedff20999df2af8eb42d56 -> 
  custom:audio-encoder-webm-vorbis: bf7c407c2cedff20999df2af8eb42d56 -> 
========================================================================
Received Prepare
Refreshing native plugins compatible for Editor in 6.44 ms, found 6 plugins.
Preloading 0 native plugins for Editor in 0.00 ms.
Unloading 23 Unused Serialized files (Serialized files now loaded: 0)
System memory in use before: 69.9 MB.
System memory in use after: 70.2 MB.

Unloading 23 unused Assets to reduce memory usage. Loaded Objects now: 3860.
Total: 5.236200 ms (FindLiveObjects: 0.335300 ms CreateObjectMapping: 0.320800 ms MarkObjects: 4.525300 ms  DeleteObjects: 0.053700 ms)

AssetImportParameters requested are different than current active one (requested -> active):
  custom:framework-win-MediaFoundation: 216162199b28c13a410421893ffa2e32 -> 
  custom:video-decoder-ogg-theora: a1e56fd34408186e4bbccfd4996cb3dc -> 
  custom:container-muxer-webm: aa71ff27fc2769a1b78a27578f13a17b -> 
  custom:container-demuxer-webm: 4f35f7cbe854078d1ac9338744f61a02 -> 
  custom:container-demuxer-ogg: 62fdf1f143b41e24485cea50d1cbac27 -> 
  custom:video-encoder-webm-vp8: eb34c28f22e8b96e1ab97ce403110664 -> 
  custom:video-codec-MediaFoundation-h265: 746d11721c4dcdbdad8f713fa42b33f4 -> 
  custom:video-decoder-webm-vp8: 9c59270c3fd7afecdb556c50c9e8de78 -> 
  custom:audio-decoder-ogg-vorbis: bf7c407c2cedff20999df2af8eb42d56 -> 
  custom:audio-encoder-webm-vorbis: bf7c407c2cedff20999df2af8eb42d56 -> 
AssetImportWorkerClient::OnTransportError - code=2 error=End of file
